{"/Users/avaspatel/Documents/kimi/Workspaces/devinedesk/devinedesk/src/lib/ai-utils.js": {"path":"/Users/avaspatel/Documents/kimi/Workspaces/devinedesk/devinedesk/src/lib/ai-utils.js","statementMap":{"0":{"start":{"line":10,"column":18},"end":{"line":10,"column":19}},"1":{"start":{"line":11,"column":4},"end":{"line":36,"column":null}},"2":{"start":{"line":12,"column":8},"end":{"line":35,"column":null}},"3":{"start":{"line":13,"column":12},"end":{"line":13,"column":null}},"4":{"start":{"line":15,"column":12},"end":{"line":15,"column":null}},"5":{"start":{"line":16,"column":12},"end":{"line":18,"column":null}},"6":{"start":{"line":17,"column":16},"end":{"line":17,"column":null}},"7":{"start":{"line":21,"column":32},"end":{"line":26,"column":70}},"8":{"start":{"line":28,"column":12},"end":{"line":30,"column":null}},"9":{"start":{"line":29,"column":16},"end":{"line":29,"column":28}},"10":{"start":{"line":32,"column":26},"end":{"line":32,"column":64}},"11":{"start":{"line":33,"column":12},"end":{"line":33,"column":null}},"12":{"start":{"line":34,"column":12},"end":{"line":34,"column":null}},"13":{"start":{"line":34,"column":37},"end":{"line":34,"column":59}}},"fnMap":{"0":{"name":"withRetries","decl":{"start":{"line":9,"column":22},"end":{"line":9,"column":33}},"loc":{"start":{"line":9,"column":74},"end":{"line":37,"column":null}},"line":9},"1":{"name":"(anonymous_1)","decl":{"start":{"line":34,"column":30},"end":{"line":34,"column":33}},"loc":{"start":{"line":34,"column":37},"end":{"line":34,"column":59}},"line":34}},"branchMap":{"0":{"loc":{"start":{"line":9,"column":38},"end":{"line":9,"column":52}},"type":"default-arg","locations":[{"start":{"line":9,"column":51},"end":{"line":9,"column":52}}],"line":9},"1":{"loc":{"start":{"line":9,"column":54},"end":{"line":9,"column":72}},"type":"default-arg","locations":[{"start":{"line":9,"column":68},"end":{"line":9,"column":72}}],"line":9},"2":{"loc":{"start":{"line":16,"column":12},"end":{"line":18,"column":null}},"type":"if","locations":[{"start":{"line":16,"column":12},"end":{"line":18,"column":null}},{"start":{},"end":{}}],"line":16},"3":{"loc":{"start":{"line":21,"column":32},"end":{"line":26,"column":70}},"type":"binary-expr","locations":[{"start":{"line":21,"column":32},"end":{"line":21,"column":61}},{"start":{"line":22,"column":32},"end":{"line":22,"column":61}},{"start":{"line":23,"column":32},"end":{"line":23,"column":61}},{"start":{"line":24,"column":32},"end":{"line":24,"column":61}},{"start":{"line":25,"column":32},"end":{"line":25,"column":61}},{"start":{"line":26,"column":32},"end":{"line":26,"column":70}}],"line":21},"4":{"loc":{"start":{"line":28,"column":12},"end":{"line":30,"column":null}},"type":"if","locations":[{"start":{"line":28,"column":12},"end":{"line":30,"column":null}},{"start":{},"end":{}}],"line":28}},"s":{"0":0,"1":0,"2":0,"3":0,"4":0,"5":0,"6":0,"7":0,"8":0,"9":0,"10":0,"11":0,"12":0,"13":0},"f":{"0":0,"1":0},"b":{"0":[0],"1":[0],"2":[0,0],"3":[0,0,0,0,0,0],"4":[0,0]},"meta":{"lastBranch":5,"lastFunction":2,"lastStatement":14,"seen":{"f:9:22:9:33":0,"b:9:51:9:52":0,"b:9:68:9:72":1,"s:10:18:10:19":0,"s:11:4:36:Infinity":1,"s:12:8:35:Infinity":2,"s:13:12:13:Infinity":3,"s:15:12:15:Infinity":4,"b:16:12:18:Infinity:undefined:undefined:undefined:undefined":2,"s:16:12:18:Infinity":5,"s:17:16:17:Infinity":6,"s:21:32:26:70":7,"b:21:32:21:61:22:32:22:61:23:32:23:61:24:32:24:61:25:32:25:61:26:32:26:70":3,"b:28:12:30:Infinity:undefined:undefined:undefined:undefined":4,"s:28:12:30:Infinity":8,"s:29:16:29:28":9,"s:32:26:32:64":10,"s:33:12:33:Infinity":11,"s:34:12:34:Infinity":12,"f:34:30:34:33":1,"s:34:37:34:59":13},"fnNames":{}}}
,"/Users/avaspatel/Documents/kimi/Workspaces/devinedesk/devinedesk/src/lib/logger.js": {"path":"/Users/avaspatel/Documents/kimi/Workspaces/devinedesk/devinedesk/src/lib/logger.js","statementMap":{"0":{"start":{"line":3,"column":6},"end":{"line":3,"column":null}},"1":{"start":{"line":5,"column":22},"end":{"line":17,"column":null}}},"fnMap":{},"branchMap":{"0":{"loc":{"start":{"line":6,"column":9},"end":{"line":6,"column":null}},"type":"binary-expr","locations":[{"start":{"line":6,"column":9},"end":{"line":6,"column":34}},{"start":{"line":6,"column":34},"end":{"line":6,"column":null}}],"line":6},"1":{"loc":{"start":{"line":7,"column":13},"end":{"line":16,"column":null}},"type":"cond-expr","locations":[{"start":{"line":8,"column":6},"end":{"line":15,"column":null}},{"start":{"line":16,"column":6},"end":{"line":16,"column":null}}],"line":7}},"s":{"0":1,"1":1},"f":{},"b":{"0":[1,1],"1":[1,0]},"meta":{"lastBranch":2,"lastFunction":0,"lastStatement":2,"seen":{"s:3:6:3:Infinity":0,"s:5:22:17:Infinity":1,"b:6:9:6:34:6:34:6:Infinity":0,"b:8:6:15:Infinity:16:6:16:Infinity":1},"fnNames":{}}}
,"/Users/avaspatel/Documents/kimi/Workspaces/devinedesk/devinedesk/src/lib/providerRouter.js": {"path":"/Users/avaspatel/Documents/kimi/Workspaces/devinedesk/devinedesk/src/lib/providerRouter.js","statementMap":{"0":{"start":{"line":12,"column":4},"end":{"line":12,"column":null}},"1":{"start":{"line":12,"column":20},"end":{"line":12,"column":null}},"2":{"start":{"line":14,"column":23},"end":{"line":14,"column":62}},"3":{"start":{"line":15,"column":20},"end":{"line":15,"column":53}},"4":{"start":{"line":17,"column":4},"end":{"line":17,"column":null}},"5":{"start":{"line":17,"column":37},"end":{"line":17,"column":null}},"6":{"start":{"line":18,"column":4},"end":{"line":18,"column":null}},"7":{"start":{"line":18,"column":34},"end":{"line":18,"column":null}},"8":{"start":{"line":19,"column":4},"end":{"line":19,"column":null}},"9":{"start":{"line":19,"column":32},"end":{"line":19,"column":null}},"10":{"start":{"line":20,"column":4},"end":{"line":20,"column":null}},"11":{"start":{"line":20,"column":38},"end":{"line":20,"column":null}},"12":{"start":{"line":21,"column":4},"end":{"line":21,"column":null}},"13":{"start":{"line":21,"column":32},"end":{"line":21,"column":null}},"14":{"start":{"line":23,"column":4},"end":{"line":23,"column":null}},"15":{"start":{"line":23,"column":71},"end":{"line":23,"column":null}},"16":{"start":{"line":24,"column":4},"end":{"line":24,"column":null}},"17":{"start":{"line":24,"column":33},"end":{"line":24,"column":null}},"18":{"start":{"line":25,"column":4},"end":{"line":25,"column":null}},"19":{"start":{"line":25,"column":62},"end":{"line":25,"column":null}},"20":{"start":{"line":26,"column":4},"end":{"line":26,"column":null}},"21":{"start":{"line":26,"column":88},"end":{"line":26,"column":null}},"22":{"start":{"line":28,"column":4},"end":{"line":28,"column":null}},"23":{"start":{"line":36,"column":4},"end":{"line":36,"column":null}},"24":{"start":{"line":36,"column":46},"end":{"line":36,"column":null}},"25":{"start":{"line":37,"column":4},"end":{"line":37,"column":null}},"26":{"start":{"line":37,"column":43},"end":{"line":37,"column":null}},"27":{"start":{"line":38,"column":4},"end":{"line":38,"column":null}},"28":{"start":{"line":38,"column":47},"end":{"line":38,"column":null}},"29":{"start":{"line":39,"column":4},"end":{"line":39,"column":31}},"30":{"start":{"line":46,"column":27},"end":{"line":46,"column":70}},"31":{"start":{"line":47,"column":22},"end":{"line":47,"column":57}},"32":{"start":{"line":48,"column":26},"end":{"line":48,"column":56}},"33":{"start":{"line":50,"column":20},"end":{"line":50,"column":24}},"34":{"start":{"line":52,"column":4},"end":{"line":85,"column":null}},"35":{"start":{"line":53,"column":8},"end":{"line":80,"column":null}},"36":{"start":{"line":53,"column":27},"end":{"line":53,"column":28}},"37":{"start":{"line":54,"column":12},"end":{"line":79,"column":null}},"38":{"start":{"line":56,"column":33},"end":{"line":56,"column":48}},"39":{"start":{"line":57,"column":16},"end":{"line":58,"column":82}},"40":{"start":{"line":57,"column":68},"end":{"line":57,"column":null}},"41":{"start":{"line":58,"column":21},"end":{"line":58,"column":82}},"42":{"start":{"line":58,"column":53},"end":{"line":58,"column":82}},"43":{"start":{"line":60,"column":16},"end":{"line":62,"column":null}},"44":{"start":{"line":61,"column":20},"end":{"line":61,"column":null}},"45":{"start":{"line":64,"column":31},"end":{"line":64,"column":102}},"46":{"start":{"line":65,"column":16},"end":{"line":67,"column":null}},"47":{"start":{"line":66,"column":20},"end":{"line":66,"column":null}},"48":{"start":{"line":69,"column":16},"end":{"line":69,"column":null}},"49":{"start":{"line":70,"column":16},"end":{"line":78,"column":null}},"50":{"start":{"line":72,"column":38},"end":{"line":72,"column":74}},"51":{"start":{"line":73,"column":20},"end":{"line":73,"column":null}},"52":{"start":{"line":73,"column":43},"end":{"line":73,"column":67}},"53":{"start":{"line":74,"column":20},"end":{"line":74,"column":null}},"54":{"start":{"line":77,"column":20},"end":{"line":77,"column":26}},"55":{"start":{"line":82,"column":8},"end":{"line":84,"column":null}},"56":{"start":{"line":83,"column":12},"end":{"line":83,"column":null}},"57":{"start":{"line":87,"column":4},"end":{"line":87,"column":null}}},"fnMap":{"0":{"name":"getAdapterForModel","decl":{"start":{"line":11,"column":16},"end":{"line":11,"column":34}},"loc":{"start":{"line":11,"column":65},"end":{"line":29,"column":null}},"line":11},"1":{"name":"getFallbackAdapters","decl":{"start":{"line":35,"column":9},"end":{"line":35,"column":28}},"loc":{"start":{"line":35,"column":45},"end":{"line":40,"column":null}},"line":35},"2":{"name":"executeWithFallback","decl":{"start":{"line":45,"column":22},"end":{"line":45,"column":41}},"loc":{"start":{"line":45,"column":91},"end":{"line":88,"column":null}},"line":45},"3":{"name":"(anonymous_3)","decl":{"start":{"line":73,"column":38},"end":{"line":73,"column":39}},"loc":{"start":{"line":73,"column":43},"end":{"line":73,"column":67}},"line":73}},"branchMap":{"0":{"loc":{"start":{"line":11,"column":46},"end":{"line":11,"column":63}},"type":"default-arg","locations":[{"start":{"line":11,"column":58},"end":{"line":11,"column":63}}],"line":11},"1":{"loc":{"start":{"line":12,"column":4},"end":{"line":12,"column":null}},"type":"if","locations":[{"start":{"line":12,"column":4},"end":{"line":12,"column":null}},{"start":{},"end":{}}],"line":12},"2":{"loc":{"start":{"line":14,"column":23},"end":{"line":14,"column":62}},"type":"binary-expr","locations":[{"start":{"line":14,"column":23},"end":{"line":14,"column":56}},{"start":{"line":14,"column":60},"end":{"line":14,"column":62}}],"line":14},"3":{"loc":{"start":{"line":15,"column":20},"end":{"line":15,"column":53}},"type":"binary-expr","locations":[{"start":{"line":15,"column":20},"end":{"line":15,"column":47}},{"start":{"line":15,"column":51},"end":{"line":15,"column":53}}],"line":15},"4":{"loc":{"start":{"line":17,"column":4},"end":{"line":17,"column":null}},"type":"if","locations":[{"start":{"line":17,"column":4},"end":{"line":17,"column":null}},{"start":{},"end":{}}],"line":17},"5":{"loc":{"start":{"line":18,"column":4},"end":{"line":18,"column":null}},"type":"if","locations":[{"start":{"line":18,"column":4},"end":{"line":18,"column":null}},{"start":{},"end":{}}],"line":18},"6":{"loc":{"start":{"line":19,"column":4},"end":{"line":19,"column":null}},"type":"if","locations":[{"start":{"line":19,"column":4},"end":{"line":19,"column":null}},{"start":{},"end":{}}],"line":19},"7":{"loc":{"start":{"line":20,"column":4},"end":{"line":20,"column":null}},"type":"if","locations":[{"start":{"line":20,"column":4},"end":{"line":20,"column":null}},{"start":{},"end":{}}],"line":20},"8":{"loc":{"start":{"line":21,"column":4},"end":{"line":21,"column":null}},"type":"if","locations":[{"start":{"line":21,"column":4},"end":{"line":21,"column":null}},{"start":{},"end":{}}],"line":21},"9":{"loc":{"start":{"line":23,"column":4},"end":{"line":23,"column":null}},"type":"if","locations":[{"start":{"line":23,"column":4},"end":{"line":23,"column":null}},{"start":{},"end":{}}],"line":23},"10":{"loc":{"start":{"line":23,"column":8},"end":{"line":23,"column":69}},"type":"binary-expr","locations":[{"start":{"line":23,"column":8},"end":{"line":23,"column":35}},{"start":{"line":23,"column":39},"end":{"line":23,"column":69}}],"line":23},"11":{"loc":{"start":{"line":24,"column":4},"end":{"line":24,"column":null}},"type":"if","locations":[{"start":{"line":24,"column":4},"end":{"line":24,"column":null}},{"start":{},"end":{}}],"line":24},"12":{"loc":{"start":{"line":25,"column":4},"end":{"line":25,"column":null}},"type":"if","locations":[{"start":{"line":25,"column":4},"end":{"line":25,"column":null}},{"start":{},"end":{}}],"line":25},"13":{"loc":{"start":{"line":26,"column":4},"end":{"line":26,"column":null}},"type":"if","locations":[{"start":{"line":26,"column":4},"end":{"line":26,"column":null}},{"start":{},"end":{}}],"line":26},"14":{"loc":{"start":{"line":26,"column":8},"end":{"line":26,"column":86}},"type":"binary-expr","locations":[{"start":{"line":26,"column":8},"end":{"line":26,"column":35}},{"start":{"line":26,"column":39},"end":{"line":26,"column":64}},{"start":{"line":26,"column":68},"end":{"line":26,"column":86}}],"line":26},"15":{"loc":{"start":{"line":36,"column":4},"end":{"line":36,"column":null}},"type":"if","locations":[{"start":{"line":36,"column":4},"end":{"line":36,"column":null}},{"start":{},"end":{}}],"line":36},"16":{"loc":{"start":{"line":37,"column":4},"end":{"line":37,"column":null}},"type":"if","locations":[{"start":{"line":37,"column":4},"end":{"line":37,"column":null}},{"start":{},"end":{}}],"line":37},"17":{"loc":{"start":{"line":38,"column":4},"end":{"line":38,"column":null}},"type":"if","locations":[{"start":{"line":38,"column":4},"end":{"line":38,"column":null}},{"start":{},"end":{}}],"line":38},"18":{"loc":{"start":{"line":45,"column":61},"end":{"line":45,"column":73}},"type":"default-arg","locations":[{"start":{"line":45,"column":71},"end":{"line":45,"column":73}}],"line":45},"19":{"loc":{"start":{"line":45,"column":75},"end":{"line":45,"column":89}},"type":"default-arg","locations":[{"start":{"line":45,"column":88},"end":{"line":45,"column":89}}],"line":45},"20":{"loc":{"start":{"line":57,"column":16},"end":{"line":58,"column":82}},"type":"if","locations":[{"start":{"line":57,"column":16},"end":{"line":58,"column":82}},{"start":{"line":58,"column":21},"end":{"line":58,"column":82}}],"line":57},"21":{"loc":{"start":{"line":58,"column":21},"end":{"line":58,"column":82}},"type":"if","locations":[{"start":{"line":58,"column":21},"end":{"line":58,"column":82}},{"start":{},"end":{}}],"line":58},"22":{"loc":{"start":{"line":60,"column":16},"end":{"line":62,"column":null}},"type":"if","locations":[{"start":{"line":60,"column":16},"end":{"line":62,"column":null}},{"start":{},"end":{}}],"line":60},"23":{"loc":{"start":{"line":65,"column":16},"end":{"line":67,"column":null}},"type":"if","locations":[{"start":{"line":65,"column":16},"end":{"line":67,"column":null}},{"start":{},"end":{}}],"line":65},"24":{"loc":{"start":{"line":70,"column":16},"end":{"line":78,"column":null}},"type":"if","locations":[{"start":{"line":70,"column":16},"end":{"line":78,"column":null}},{"start":{"line":75,"column":23},"end":{"line":78,"column":null}}],"line":70},"25":{"loc":{"start":{"line":70,"column":20},"end":{"line":70,"column":61}},"type":"binary-expr","locations":[{"start":{"line":70,"column":20},"end":{"line":70,"column":39}},{"start":{"line":70,"column":43},"end":{"line":70,"column":61}}],"line":70},"26":{"loc":{"start":{"line":82,"column":8},"end":{"line":84,"column":null}},"type":"if","locations":[{"start":{"line":82,"column":8},"end":{"line":84,"column":null}},{"start":{},"end":{}}],"line":82}},"s":{"0":11,"1":1,"2":10,"3":11,"4":11,"5":4,"6":6,"7":0,"8":6,"9":0,"10":6,"11":0,"12":6,"13":0,"14":6,"15":2,"16":4,"17":1,"18":3,"19":2,"20":1,"21":0,"22":1,"23":3,"24":3,"25":0,"26":0,"27":0,"28":0,"29":0,"30":3,"31":3,"32":3,"33":3,"34":3,"35":4,"36":4,"37":5,"38":5,"39":5,"40":0,"41":5,"42":0,"43":5,"44":0,"45":5,"46":3,"47":3,"48":2,"49":2,"50":2,"51":2,"52":2,"53":2,"54":0,"55":2,"56":0,"57":0},"f":{"0":11,"1":3,"2":3,"3":2},"b":{"0":[11],"1":[1,10],"2":[10,5],"3":[11,1],"4":[4,7],"5":[0,6],"6":[0,6],"7":[0,6],"8":[0,6],"9":[2,4],"10":[6,5],"11":[1,3],"12":[2,1],"13":[0,1],"14":[1,1,1],"15":[3,0],"16":[0,0],"17":[0,0],"18":[3],"19":[3],"20":[0,5],"21":[0,5],"22":[0,5],"23":[3,0],"24":[2,0],"25":[2,1],"26":[0,2]},"meta":{"lastBranch":27,"lastFunction":4,"lastStatement":58,"seen":{"f:11:16:11:34":0,"b:11:58:11:63":0,"b:12:4:12:Infinity:undefined:undefined:undefined:undefined":1,"s:12:4:12:Infinity":0,"s:12:20:12:Infinity":1,"s:14:23:14:62":2,"b:14:23:14:56:14:60:14:62":2,"s:15:20:15:53":3,"b:15:20:15:47:15:51:15:53":3,"b:17:4:17:Infinity:undefined:undefined:undefined:undefined":4,"s:17:4:17:Infinity":4,"s:17:37:17:Infinity":5,"b:18:4:18:Infinity:undefined:undefined:undefined:undefined":5,"s:18:4:18:Infinity":6,"s:18:34:18:Infinity":7,"b:19:4:19:Infinity:undefined:undefined:undefined:undefined":6,"s:19:4:19:Infinity":8,"s:19:32:19:Infinity":9,"b:20:4:20:Infinity:undefined:undefined:undefined:undefined":7,"s:20:4:20:Infinity":10,"s:20:38:20:Infinity":11,"b:21:4:21:Infinity:undefined:undefined:undefined:undefined":8,"s:21:4:21:Infinity":12,"s:21:32:21:Infinity":13,"b:23:4:23:Infinity:undefined:undefined:undefined:undefined":9,"s:23:4:23:Infinity":14,"b:23:8:23:35:23:39:23:69":10,"s:23:71:23:Infinity":15,"b:24:4:24:Infinity:undefined:undefined:undefined:undefined":11,"s:24:4:24:Infinity":16,"s:24:33:24:Infinity":17,"b:25:4:25:Infinity:undefined:undefined:undefined:undefined":12,"s:25:4:25:Infinity":18,"s:25:62:25:Infinity":19,"b:26:4:26:Infinity:undefined:undefined:undefined:undefined":13,"s:26:4:26:Infinity":20,"b:26:8:26:35:26:39:26:64:26:68:26:86":14,"s:26:88:26:Infinity":21,"s:28:4:28:Infinity":22,"f:35:9:35:28":1,"b:36:4:36:Infinity:undefined:undefined:undefined:undefined":15,"s:36:4:36:Infinity":23,"s:36:46:36:Infinity":24,"b:37:4:37:Infinity:undefined:undefined:undefined:undefined":16,"s:37:4:37:Infinity":25,"s:37:43:37:Infinity":26,"b:38:4:38:Infinity:undefined:undefined:undefined:undefined":17,"s:38:4:38:Infinity":27,"s:38:47:38:Infinity":28,"s:39:4:39:31":29,"f:45:22:45:41":2,"b:45:71:45:73":18,"b:45:88:45:89":19,"s:46:27:46:70":30,"s:47:22:47:57":31,"s:48:26:48:56":32,"s:50:20:50:24":33,"s:52:4:85:Infinity":34,"s:53:8:80:Infinity":35,"s:53:27:53:28":36,"s:54:12:79:Infinity":37,"s:56:33:56:48":38,"b:57:16:58:82:58:21:58:82":20,"s:57:16:58:82":39,"s:57:68:57:Infinity":40,"b:58:21:58:82:undefined:undefined:undefined:undefined":21,"s:58:21:58:82":41,"s:58:53:58:82":42,"b:60:16:62:Infinity:undefined:undefined:undefined:undefined":22,"s:60:16:62:Infinity":43,"s:61:20:61:Infinity":44,"s:64:31:64:102":45,"b:65:16:67:Infinity:undefined:undefined:undefined:undefined":23,"s:65:16:67:Infinity":46,"s:66:20:66:Infinity":47,"s:69:16:69:Infinity":48,"b:70:16:78:Infinity:75:23:78:Infinity":24,"s:70:16:78:Infinity":49,"b:70:20:70:39:70:43:70:61":25,"s:72:38:72:74":50,"s:73:20:73:Infinity":51,"f:73:38:73:39":3,"s:73:43:73:67":52,"s:74:20:74:Infinity":53,"s:77:20:77:26":54,"b:82:8:84:Infinity:undefined:undefined:undefined:undefined":26,"s:82:8:84:Infinity":55,"s:83:12:83:Infinity":56,"s:87:4:87:Infinity":57},"fnNames":{}}}
,"/Users/avaspatel/Documents/kimi/Workspaces/devinedesk/devinedesk/src/lib/utils.js": {"path":"/Users/avaspatel/Documents/kimi/Workspaces/devinedesk/devinedesk/src/lib/utils.js","statementMap":{"0":{"start":{"line":10,"column":2},"end":{"line":10,"column":null}}},"fnMap":{"0":{"name":"cn","decl":{"start":{"line":9,"column":16},"end":{"line":9,"column":18}},"loc":{"start":{"line":9,"column":30},"end":{"line":11,"column":null}},"line":9}},"branchMap":{},"s":{"0":3},"f":{"0":3},"b":{},"meta":{"lastBranch":0,"lastFunction":1,"lastStatement":1,"seen":{"f:9:16:9:18":0,"s:10:2:10:Infinity":0},"fnNames":{}}}
,"/Users/avaspatel/Documents/kimi/Workspaces/devinedesk/devinedesk/src/lib/providers/aimlapi.js": {"path":"/Users/avaspatel/Documents/kimi/Workspaces/devinedesk/devinedesk/src/lib/providers/aimlapi.js","statementMap":{"0":{"start":{"line":1,"column":30},"end":{"line":184,"column":1}},"1":{"start":{"line":3,"column":20},"end":{"line":3,"column":35}},"2":{"start":{"line":4,"column":8},"end":{"line":4,"column":null}},"3":{"start":{"line":4,"column":18},"end":{"line":4,"column":null}},"4":{"start":{"line":5,"column":8},"end":{"line":5,"column":null}},"5":{"start":{"line":12,"column":24},"end":{"line":12,"column":81}},"6":{"start":{"line":14,"column":8},"end":{"line":32,"column":null}},"7":{"start":{"line":14,"column":27},"end":{"line":14,"column":28}},"8":{"start":{"line":15,"column":12},"end":{"line":15,"column":null}},"9":{"start":{"line":15,"column":41},"end":{"line":15,"column":70}},"10":{"start":{"line":17,"column":29},"end":{"line":19,"column":14}},"11":{"start":{"line":21,"column":12},"end":{"line":21,"column":39}},"12":{"start":{"line":21,"column":30},"end":{"line":21,"column":39}},"13":{"start":{"line":23,"column":25},"end":{"line":23,"column":46}},"14":{"start":{"line":24,"column":27},"end":{"line":24,"column":53}},"15":{"start":{"line":26,"column":12},"end":{"line":28,"column":null}},"16":{"start":{"line":27,"column":16},"end":{"line":27,"column":null}},"17":{"start":{"line":29,"column":12},"end":{"line":31,"column":null}},"18":{"start":{"line":30,"column":16},"end":{"line":30,"column":null}},"19":{"start":{"line":33,"column":8},"end":{"line":33,"column":null}},"20":{"start":{"line":37,"column":20},"end":{"line":37,"column":39}},"21":{"start":{"line":38,"column":20},"end":{"line":38,"column":64}},"22":{"start":{"line":40,"column":24},"end":{"line":43,"column":9}},"23":{"start":{"line":45,"column":25},"end":{"line":52,"column":10}},"24":{"start":{"line":54,"column":8},"end":{"line":57,"column":null}},"25":{"start":{"line":55,"column":24},"end":{"line":55,"column":45}},"26":{"start":{"line":56,"column":12},"end":{"line":56,"column":null}},"27":{"start":{"line":59,"column":21},"end":{"line":59,"column":42}},"28":{"start":{"line":60,"column":8},"end":{"line":60,"column":null}},"29":{"start":{"line":64,"column":20},"end":{"line":64,"column":39}},"30":{"start":{"line":65,"column":20},"end":{"line":65,"column":63}},"31":{"start":{"line":67,"column":24},"end":{"line":75,"column":9}},"32":{"start":{"line":77,"column":25},"end":{"line":84,"column":10}},"33":{"start":{"line":86,"column":8},"end":{"line":89,"column":null}},"34":{"start":{"line":87,"column":24},"end":{"line":87,"column":45}},"35":{"start":{"line":88,"column":12},"end":{"line":88,"column":null}},"36":{"start":{"line":91,"column":21},"end":{"line":91,"column":42}},"37":{"start":{"line":94,"column":26},"end":{"line":94,"column":52}},"38":{"start":{"line":95,"column":8},"end":{"line":95,"column":null}},"39":{"start":{"line":95,"column":45},"end":{"line":95,"column":null}},"40":{"start":{"line":97,"column":8},"end":{"line":100,"column":null}},"41":{"start":{"line":98,"column":27},"end":{"line":98,"column":78}},"42":{"start":{"line":99,"column":12},"end":{"line":99,"column":null}},"43":{"start":{"line":102,"column":8},"end":{"line":102,"column":null}},"44":{"start":{"line":107,"column":8},"end":{"line":107,"column":null}},"45":{"start":{"line":111,"column":20},"end":{"line":111,"column":39}},"46":{"start":{"line":112,"column":20},"end":{"line":112,"column":81}},"47":{"start":{"line":114,"column":24},"end":{"line":118,"column":9}},"48":{"start":{"line":120,"column":25},"end":{"line":127,"column":10}},"49":{"start":{"line":129,"column":8},"end":{"line":132,"column":null}},"50":{"start":{"line":130,"column":24},"end":{"line":130,"column":45}},"51":{"start":{"line":131,"column":12},"end":{"line":131,"column":null}},"52":{"start":{"line":134,"column":21},"end":{"line":134,"column":42}},"53":{"start":{"line":137,"column":8},"end":{"line":139,"column":null}},"54":{"start":{"line":143,"column":8},"end":{"line":143,"column":null}},"55":{"start":{"line":148,"column":8},"end":{"line":152,"column":null}},"56":{"start":{"line":157,"column":8},"end":{"line":162,"column":null}},"57":{"start":{"line":166,"column":8},"end":{"line":166,"column":null}},"58":{"start":{"line":170,"column":8},"end":{"line":174,"column":null}},"59":{"start":{"line":178,"column":8},"end":{"line":182,"column":null}}},"fnMap":{"0":{"name":"(anonymous_0)","decl":{"start":{"line":2,"column":12},"end":{"line":2,"column":13}},"loc":{"start":{"line":2,"column":24},"end":{"line":6,"column":5}},"line":2},"1":{"name":"pollForResult","decl":{"start":{"line":9,"column":4},"end":{"line":9,"column":17}},"loc":{"start":{"line":9,"column":85},"end":{"line":34,"column":5}},"line":9},"2":{"name":"(anonymous_2)","decl":{"start":{"line":15,"column":30},"end":{"line":15,"column":37}},"loc":{"start":{"line":15,"column":41},"end":{"line":15,"column":70}},"line":15},"3":{"name":"generateImage","decl":{"start":{"line":36,"column":4},"end":{"line":36,"column":17}},"loc":{"start":{"line":36,"column":42},"end":{"line":61,"column":5}},"line":36},"4":{"name":"generateVideo","decl":{"start":{"line":63,"column":4},"end":{"line":63,"column":17}},"loc":{"start":{"line":63,"column":42},"end":{"line":103,"column":5}},"line":63},"5":{"name":"generateI2V","decl":{"start":{"line":105,"column":4},"end":{"line":105,"column":15}},"loc":{"start":{"line":105,"column":40},"end":{"line":108,"column":5}},"line":105},"6":{"name":"generateAudio","decl":{"start":{"line":110,"column":4},"end":{"line":110,"column":17}},"loc":{"start":{"line":110,"column":42},"end":{"line":140,"column":5}},"line":110},"7":{"name":"processLipSync","decl":{"start":{"line":142,"column":4},"end":{"line":142,"column":18}},"loc":{"start":{"line":142,"column":43},"end":{"line":144,"column":5}},"line":142},"8":{"name":"generateMarketingStudioAd","decl":{"start":{"line":146,"column":4},"end":{"line":146,"column":29}},"loc":{"start":{"line":146,"column":54},"end":{"line":153,"column":5}},"line":146},"9":{"name":"processRecast","decl":{"start":{"line":155,"column":4},"end":{"line":155,"column":17}},"loc":{"start":{"line":155,"column":42},"end":{"line":163,"column":5}},"line":155},"10":{"name":"runClipping","decl":{"start":{"line":165,"column":4},"end":{"line":165,"column":15}},"loc":{"start":{"line":165,"column":40},"end":{"line":167,"column":5}},"line":165},"11":{"name":"runMotionGraphics","decl":{"start":{"line":169,"column":4},"end":{"line":169,"column":21}},"loc":{"start":{"line":169,"column":46},"end":{"line":175,"column":5}},"line":169},"12":{"name":"runMotionGraphicsEdit","decl":{"start":{"line":177,"column":4},"end":{"line":177,"column":25}},"loc":{"start":{"line":177,"column":50},"end":{"line":183,"column":null}},"line":177}},"branchMap":{"0":{"loc":{"start":{"line":4,"column":8},"end":{"line":4,"column":null}},"type":"if","locations":[{"start":{"line":4,"column":8},"end":{"line":4,"column":null}},{"start":{},"end":{}}],"line":4},"1":{"loc":{"start":{"line":9,"column":50},"end":{"line":9,"column":66}},"type":"default-arg","locations":[{"start":{"line":9,"column":64},"end":{"line":9,"column":66}}],"line":9},"2":{"loc":{"start":{"line":9,"column":68},"end":{"line":9,"column":83}},"type":"default-arg","locations":[{"start":{"line":9,"column":79},"end":{"line":9,"column":83}}],"line":9},"3":{"loc":{"start":{"line":21,"column":12},"end":{"line":21,"column":39}},"type":"if","locations":[{"start":{"line":21,"column":12},"end":{"line":21,"column":39}},{"start":{},"end":{}}],"line":21},"4":{"loc":{"start":{"line":26,"column":12},"end":{"line":28,"column":null}},"type":"if","locations":[{"start":{"line":26,"column":12},"end":{"line":28,"column":null}},{"start":{},"end":{}}],"line":26},"5":{"loc":{"start":{"line":26,"column":16},"end":{"line":26,"column":64}},"type":"binary-expr","locations":[{"start":{"line":26,"column":16},"end":{"line":26,"column":38}},{"start":{"line":26,"column":42},"end":{"line":26,"column":64}}],"line":26},"6":{"loc":{"start":{"line":29,"column":12},"end":{"line":31,"column":null}},"type":"if","locations":[{"start":{"line":29,"column":12},"end":{"line":31,"column":null}},{"start":{},"end":{}}],"line":29},"7":{"loc":{"start":{"line":29,"column":16},"end":{"line":29,"column":57}},"type":"binary-expr","locations":[{"start":{"line":29,"column":16},"end":{"line":29,"column":35}},{"start":{"line":29,"column":39},"end":{"line":29,"column":57}}],"line":29},"8":{"loc":{"start":{"line":30,"column":62},"end":{"line":30,"column":91}},"type":"binary-expr","locations":[{"start":{"line":30,"column":62},"end":{"line":30,"column":72}},{"start":{"line":30,"column":76},"end":{"line":30,"column":91}}],"line":30},"9":{"loc":{"start":{"line":54,"column":8},"end":{"line":57,"column":null}},"type":"if","locations":[{"start":{"line":54,"column":8},"end":{"line":57,"column":null}},{"start":{},"end":{}}],"line":54},"10":{"loc":{"start":{"line":60,"column":22},"end":{"line":60,"column":60}},"type":"binary-expr","locations":[{"start":{"line":60,"column":22},"end":{"line":60,"column":42}},{"start":{"line":60,"column":46},"end":{"line":60,"column":54}},{"start":{"line":60,"column":58},"end":{"line":60,"column":60}}],"line":60},"11":{"loc":{"start":{"line":71,"column":26},"end":{"line":71,"column":55}},"type":"binary-expr","locations":[{"start":{"line":71,"column":26},"end":{"line":71,"column":45}},{"start":{"line":71,"column":49},"end":{"line":71,"column":55}}],"line":71},"12":{"loc":{"start":{"line":86,"column":8},"end":{"line":89,"column":null}},"type":"if","locations":[{"start":{"line":86,"column":8},"end":{"line":89,"column":null}},{"start":{},"end":{}}],"line":86},"13":{"loc":{"start":{"line":94,"column":26},"end":{"line":94,"column":52}},"type":"binary-expr","locations":[{"start":{"line":94,"column":26},"end":{"line":94,"column":33}},{"start":{"line":94,"column":37},"end":{"line":94,"column":52}}],"line":94},"14":{"loc":{"start":{"line":95,"column":8},"end":{"line":95,"column":null}},"type":"if","locations":[{"start":{"line":95,"column":8},"end":{"line":95,"column":null}},{"start":{},"end":{}}],"line":95},"15":{"loc":{"start":{"line":95,"column":12},"end":{"line":95,"column":43}},"type":"binary-expr","locations":[{"start":{"line":95,"column":12},"end":{"line":95,"column":30}},{"start":{"line":95,"column":34},"end":{"line":95,"column":43}}],"line":95},"16":{"loc":{"start":{"line":97,"column":8},"end":{"line":100,"column":null}},"type":"if","locations":[{"start":{"line":97,"column":8},"end":{"line":100,"column":null}},{"start":{},"end":{}}],"line":97},"17":{"loc":{"start":{"line":99,"column":26},"end":{"line":99,"column":78}},"type":"binary-expr","locations":[{"start":{"line":99,"column":26},"end":{"line":99,"column":42}},{"start":{"line":99,"column":46},"end":{"line":99,"column":56}},{"start":{"line":99,"column":60},"end":{"line":99,"column":78}}],"line":99},"18":{"loc":{"start":{"line":102,"column":22},"end":{"line":102,"column":48}},"type":"binary-expr","locations":[{"start":{"line":102,"column":22},"end":{"line":102,"column":36}},{"start":{"line":102,"column":40},"end":{"line":102,"column":48}}],"line":102},"19":{"loc":{"start":{"line":116,"column":31},"end":{"line":116,"column":64}},"type":"binary-expr","locations":[{"start":{"line":116,"column":31},"end":{"line":116,"column":55}},{"start":{"line":116,"column":59},"end":{"line":116,"column":64}}],"line":116},"20":{"loc":{"start":{"line":117,"column":18},"end":{"line":117,"column":null}},"type":"binary-expr","locations":[{"start":{"line":117,"column":18},"end":{"line":117,"column":29}},{"start":{"line":117,"column":33},"end":{"line":117,"column":null}}],"line":117},"21":{"loc":{"start":{"line":129,"column":8},"end":{"line":132,"column":null}},"type":"if","locations":[{"start":{"line":129,"column":8},"end":{"line":132,"column":null}},{"start":{},"end":{}}],"line":129},"22":{"loc":{"start":{"line":138,"column":17},"end":{"line":138,"column":null}},"type":"binary-expr","locations":[{"start":{"line":138,"column":17},"end":{"line":138,"column":43}},{"start":{"line":138,"column":47},"end":{"line":138,"column":61}},{"start":{"line":138,"column":65},"end":{"line":138,"column":null}}],"line":138}},"s":{"0":2,"1":0,"2":0,"3":0,"4":0,"5":0,"6":0,"7":0,"8":0,"9":0,"10":0,"11":0,"12":0,"13":0,"14":0,"15":0,"16":0,"17":0,"18":0,"19":0,"20":0,"21":0,"22":0,"23":0,"24":0,"25":0,"26":0,"27":0,"28":0,"29":0,"30":0,"31":0,"32":0,"33":0,"34":0,"35":0,"36":0,"37":0,"38":0,"39":0,"40":0,"41":0,"42":0,"43":0,"44":0,"45":0,"46":0,"47":0,"48":0,"49":0,"50":0,"51":0,"52":0,"53":0,"54":0,"55":0,"56":0,"57":0,"58":0,"59":0},"f":{"0":0,"1":2,"2":0,"3":2,"4":2,"5":2,"6":2,"7":2,"8":2,"9":2,"10":2,"11":2,"12":2},"b":{"0":[0,0],"1":[0],"2":[0],"3":[0,0],"4":[0,0],"5":[0,0],"6":[0,0],"7":[0,0],"8":[0,0],"9":[0,0],"10":[0,0,0],"11":[0,0],"12":[0,0],"13":[0,0],"14":[0,0],"15":[0,0],"16":[0,0],"17":[0,0,0],"18":[0,0],"19":[0,0],"20":[0,0],"21":[0,0],"22":[0,0,0]},"meta":{"lastBranch":23,"lastFunction":13,"lastStatement":60,"seen":{"s:1:30:184:1":0,"f:2:12:2:13":0,"s:3:20:3:35":1,"b:4:8:4:Infinity:undefined:undefined:undefined:undefined":0,"s:4:8:4:Infinity":2,"s:4:18:4:Infinity":3,"s:5:8:5:Infinity":4,"f:9:4:9:17":1,"b:9:64:9:66":1,"b:9:79:9:83":2,"s:12:24:12:81":5,"s:14:8:32:Infinity":6,"s:14:27:14:28":7,"s:15:12:15:Infinity":8,"f:15:30:15:37":2,"s:15:41:15:70":9,"s:17:29:19:14":10,"b:21:12:21:39:undefined:undefined:undefined:undefined":3,"s:21:12:21:39":11,"s:21:30:21:39":12,"s:23:25:23:46":13,"s:24:27:24:53":14,"b:26:12:28:Infinity:undefined:undefined:undefined:undefined":4,"s:26:12:28:Infinity":15,"b:26:16:26:38:26:42:26:64":5,"s:27:16:27:Infinity":16,"b:29:12:31:Infinity:undefined:undefined:undefined:undefined":6,"s:29:12:31:Infinity":17,"b:29:16:29:35:29:39:29:57":7,"s:30:16:30:Infinity":18,"b:30:62:30:72:30:76:30:91":8,"s:33:8:33:Infinity":19,"f:36:4:36:17":3,"s:37:20:37:39":20,"s:38:20:38:64":21,"s:40:24:43:9":22,"s:45:25:52:10":23,"b:54:8:57:Infinity:undefined:undefined:undefined:undefined":9,"s:54:8:57:Infinity":24,"s:55:24:55:45":25,"s:56:12:56:Infinity":26,"s:59:21:59:42":27,"s:60:8:60:Infinity":28,"b:60:22:60:42:60:46:60:54:60:58:60:60":10,"f:63:4:63:17":4,"s:64:20:64:39":29,"s:65:20:65:63":30,"s:67:24:75:9":31,"b:71:26:71:45:71:49:71:55":11,"s:77:25:84:10":32,"b:86:8:89:Infinity:undefined:undefined:undefined:undefined":12,"s:86:8:89:Infinity":33,"s:87:24:87:45":34,"s:88:12:88:Infinity":35,"s:91:21:91:42":36,"s:94:26:94:52":37,"b:94:26:94:33:94:37:94:52":13,"b:95:8:95:Infinity:undefined:undefined:undefined:undefined":14,"s:95:8:95:Infinity":38,"b:95:12:95:30:95:34:95:43":15,"s:95:45:95:Infinity":39,"b:97:8:100:Infinity:undefined:undefined:undefined:undefined":16,"s:97:8:100:Infinity":40,"s:98:27:98:78":41,"s:99:12:99:Infinity":42,"b:99:26:99:42:99:46:99:56:99:60:99:78":17,"s:102:8:102:Infinity":43,"b:102:22:102:36:102:40:102:48":18,"f:105:4:105:15":5,"s:107:8:107:Infinity":44,"f:110:4:110:17":6,"s:111:20:111:39":45,"s:112:20:112:81":46,"s:114:24:118:9":47,"b:116:31:116:55:116:59:116:64":19,"b:117:18:117:29:117:33:117:Infinity":20,"s:120:25:127:10":48,"b:129:8:132:Infinity:undefined:undefined:undefined:undefined":21,"s:129:8:132:Infinity":49,"s:130:24:130:45":50,"s:131:12:131:Infinity":51,"s:134:21:134:42":52,"s:137:8:139:Infinity":53,"b:138:17:138:43:138:47:138:61:138:65:138:Infinity":22,"f:142:4:142:18":7,"s:143:8:143:Infinity":54,"f:146:4:146:29":8,"s:148:8:152:Infinity":55,"f:155:4:155:17":9,"s:157:8:162:Infinity":56,"f:165:4:165:15":10,"s:166:8:166:Infinity":57,"f:169:4:169:21":11,"s:170:8:174:Infinity":58,"f:177:4:177:25":12,"s:178:8:182:Infinity":59},"fnNames":{}}}
,"/Users/avaspatel/Documents/kimi/Workspaces/devinedesk/devinedesk/src/lib/providers/falai.js": {"path":"/Users/avaspatel/Documents/kimi/Workspaces/devinedesk/devinedesk/src/lib/providers/falai.js","statementMap":{"0":{"start":{"line":1,"column":28},"end":{"line":77,"column":1}},"1":{"start":{"line":3,"column":20},"end":{"line":3,"column":35}},"2":{"start":{"line":4,"column":8},"end":{"line":4,"column":null}},"3":{"start":{"line":4,"column":18},"end":{"line":4,"column":null}},"4":{"start":{"line":5,"column":8},"end":{"line":5,"column":null}},"5":{"start":{"line":10,"column":24},"end":{"line":10,"column":94}},"6":{"start":{"line":12,"column":8},"end":{"line":34,"column":null}},"7":{"start":{"line":12,"column":27},"end":{"line":12,"column":28}},"8":{"start":{"line":13,"column":12},"end":{"line":13,"column":null}},"9":{"start":{"line":13,"column":41},"end":{"line":13,"column":70}},"10":{"start":{"line":15,"column":29},"end":{"line":17,"column":14}},"11":{"start":{"line":19,"column":12},"end":{"line":19,"column":null}},"12":{"start":{"line":19,"column":30},"end":{"line":19,"column":null}},"13":{"start":{"line":21,"column":25},"end":{"line":21,"column":46}},"14":{"start":{"line":22,"column":27},"end":{"line":22,"column":53}},"15":{"start":{"line":24,"column":12},"end":{"line":30,"column":null}},"16":{"start":{"line":26,"column":36},"end":{"line":28,"column":18}},"17":{"start":{"line":29,"column":16},"end":{"line":29,"column":null}},"18":{"start":{"line":31,"column":12},"end":{"line":33,"column":null}},"19":{"start":{"line":32,"column":16},"end":{"line":32,"column":null}},"20":{"start":{"line":35,"column":8},"end":{"line":35,"column":null}},"21":{"start":{"line":39,"column":20},"end":{"line":39,"column":39}},"22":{"start":{"line":41,"column":20},"end":{"line":41,"column":61}},"23":{"start":{"line":44,"column":24},"end":{"line":49,"column":9}},"24":{"start":{"line":51,"column":25},"end":{"line":58,"column":10}},"25":{"start":{"line":60,"column":8},"end":{"line":63,"column":null}},"26":{"start":{"line":61,"column":24},"end":{"line":61,"column":45}},"27":{"start":{"line":62,"column":12},"end":{"line":62,"column":null}},"28":{"start":{"line":65,"column":21},"end":{"line":65,"column":42}},"29":{"start":{"line":66,"column":26},"end":{"line":66,"column":41}},"30":{"start":{"line":68,"column":8},"end":{"line":68,"column":null}},"31":{"start":{"line":68,"column":45},"end":{"line":68,"column":null}},"32":{"start":{"line":70,"column":8},"end":{"line":73,"column":null}},"33":{"start":{"line":71,"column":27},"end":{"line":71,"column":78}},"34":{"start":{"line":72,"column":12},"end":{"line":72,"column":null}},"35":{"start":{"line":75,"column":8},"end":{"line":75,"column":null}}},"fnMap":{"0":{"name":"(anonymous_0)","decl":{"start":{"line":2,"column":12},"end":{"line":2,"column":13}},"loc":{"start":{"line":2,"column":24},"end":{"line":6,"column":5}},"line":2},"1":{"name":"pollForResult","decl":{"start":{"line":8,"column":4},"end":{"line":8,"column":17}},"loc":{"start":{"line":8,"column":85},"end":{"line":36,"column":5}},"line":8},"2":{"name":"(anonymous_2)","decl":{"start":{"line":13,"column":30},"end":{"line":13,"column":37}},"loc":{"start":{"line":13,"column":41},"end":{"line":13,"column":70}},"line":13},"3":{"name":"processLipSync","decl":{"start":{"line":38,"column":4},"end":{"line":38,"column":18}},"loc":{"start":{"line":38,"column":43},"end":{"line":76,"column":null}},"line":38}},"branchMap":{"0":{"loc":{"start":{"line":4,"column":8},"end":{"line":4,"column":null}},"type":"if","locations":[{"start":{"line":4,"column":8},"end":{"line":4,"column":null}},{"start":{},"end":{}}],"line":4},"1":{"loc":{"start":{"line":8,"column":50},"end":{"line":8,"column":66}},"type":"default-arg","locations":[{"start":{"line":8,"column":64},"end":{"line":8,"column":66}}],"line":8},"2":{"loc":{"start":{"line":8,"column":68},"end":{"line":8,"column":83}},"type":"default-arg","locations":[{"start":{"line":8,"column":79},"end":{"line":8,"column":83}}],"line":8},"3":{"loc":{"start":{"line":19,"column":12},"end":{"line":19,"column":null}},"type":"if","locations":[{"start":{"line":19,"column":12},"end":{"line":19,"column":null}},{"start":{},"end":{}}],"line":19},"4":{"loc":{"start":{"line":24,"column":12},"end":{"line":30,"column":null}},"type":"if","locations":[{"start":{"line":24,"column":12},"end":{"line":30,"column":null}},{"start":{},"end":{}}],"line":24},"5":{"loc":{"start":{"line":24,"column":16},"end":{"line":24,"column":83}},"type":"binary-expr","locations":[{"start":{"line":24,"column":16},"end":{"line":24,"column":38}},{"start":{"line":24,"column":42},"end":{"line":24,"column":64}},{"start":{"line":24,"column":68},"end":{"line":24,"column":83}}],"line":24},"6":{"loc":{"start":{"line":31,"column":12},"end":{"line":33,"column":null}},"type":"if","locations":[{"start":{"line":31,"column":12},"end":{"line":33,"column":null}},{"start":{},"end":{}}],"line":31},"7":{"loc":{"start":{"line":31,"column":16},"end":{"line":31,"column":57}},"type":"binary-expr","locations":[{"start":{"line":31,"column":16},"end":{"line":31,"column":35}},{"start":{"line":31,"column":39},"end":{"line":31,"column":57}}],"line":31},"8":{"loc":{"start":{"line":32,"column":61},"end":{"line":32,"column":90}},"type":"binary-expr","locations":[{"start":{"line":32,"column":61},"end":{"line":32,"column":71}},{"start":{"line":32,"column":75},"end":{"line":32,"column":90}}],"line":32},"9":{"loc":{"start":{"line":45,"column":23},"end":{"line":45,"column":59}},"type":"binary-expr","locations":[{"start":{"line":45,"column":23},"end":{"line":45,"column":39}},{"start":{"line":45,"column":43},"end":{"line":45,"column":59}}],"line":45},"10":{"loc":{"start":{"line":48,"column":23},"end":{"line":48,"column":null}},"type":"binary-expr","locations":[{"start":{"line":48,"column":23},"end":{"line":48,"column":34}},{"start":{"line":48,"column":38},"end":{"line":48,"column":null}}],"line":48},"11":{"loc":{"start":{"line":60,"column":8},"end":{"line":63,"column":null}},"type":"if","locations":[{"start":{"line":60,"column":8},"end":{"line":63,"column":null}},{"start":{},"end":{}}],"line":60},"12":{"loc":{"start":{"line":68,"column":8},"end":{"line":68,"column":null}},"type":"if","locations":[{"start":{"line":68,"column":8},"end":{"line":68,"column":null}},{"start":{},"end":{}}],"line":68},"13":{"loc":{"start":{"line":68,"column":12},"end":{"line":68,"column":43}},"type":"binary-expr","locations":[{"start":{"line":68,"column":12},"end":{"line":68,"column":30}},{"start":{"line":68,"column":34},"end":{"line":68,"column":43}}],"line":68},"14":{"loc":{"start":{"line":70,"column":8},"end":{"line":73,"column":null}},"type":"if","locations":[{"start":{"line":70,"column":8},"end":{"line":73,"column":null}},{"start":{},"end":{}}],"line":70},"15":{"loc":{"start":{"line":72,"column":26},"end":{"line":72,"column":57}},"type":"binary-expr","locations":[{"start":{"line":72,"column":26},"end":{"line":72,"column":43}},{"start":{"line":72,"column":47},"end":{"line":72,"column":57}}],"line":72},"16":{"loc":{"start":{"line":75,"column":22},"end":{"line":75,"column":49}},"type":"binary-expr","locations":[{"start":{"line":75,"column":22},"end":{"line":75,"column":37}},{"start":{"line":75,"column":41},"end":{"line":75,"column":49}}],"line":75}},"s":{"0":1,"1":0,"2":0,"3":0,"4":0,"5":0,"6":0,"7":0,"8":0,"9":0,"10":0,"11":0,"12":0,"13":0,"14":0,"15":0,"16":0,"17":0,"18":0,"19":0,"20":0,"21":0,"22":0,"23":0,"24":0,"25":0,"26":0,"27":0,"28":0,"29":0,"30":0,"31":0,"32":0,"33":0,"34":0,"35":0},"f":{"0":0,"1":1,"2":0,"3":1},"b":{"0":[0,0],"1":[0],"2":[0],"3":[0,0],"4":[0,0],"5":[0,0,0],"6":[0,0],"7":[0,0],"8":[0,0],"9":[0,0],"10":[0,0],"11":[0,0],"12":[0,0],"13":[0,0],"14":[0,0],"15":[0,0],"16":[0,0]},"meta":{"lastBranch":17,"lastFunction":4,"lastStatement":36,"seen":{"s:1:28:77:1":0,"f:2:12:2:13":0,"s:3:20:3:35":1,"b:4:8:4:Infinity:undefined:undefined:undefined:undefined":0,"s:4:8:4:Infinity":2,"s:4:18:4:Infinity":3,"s:5:8:5:Infinity":4,"f:8:4:8:17":1,"b:8:64:8:66":1,"b:8:79:8:83":2,"s:10:24:10:94":5,"s:12:8:34:Infinity":6,"s:12:27:12:28":7,"s:13:12:13:Infinity":8,"f:13:30:13:37":2,"s:13:41:13:70":9,"s:15:29:17:14":10,"b:19:12:19:Infinity:undefined:undefined:undefined:undefined":3,"s:19:12:19:Infinity":11,"s:19:30:19:Infinity":12,"s:21:25:21:46":13,"s:22:27:22:53":14,"b:24:12:30:Infinity:undefined:undefined:undefined:undefined":4,"s:24:12:30:Infinity":15,"b:24:16:24:38:24:42:24:64:24:68:24:83":5,"s:26:36:28:18":16,"s:29:16:29:Infinity":17,"b:31:12:33:Infinity:undefined:undefined:undefined:undefined":6,"s:31:12:33:Infinity":18,"b:31:16:31:35:31:39:31:57":7,"s:32:16:32:Infinity":19,"b:32:61:32:71:32:75:32:90":8,"s:35:8:35:Infinity":20,"f:38:4:38:18":3,"s:39:20:39:39":21,"s:41:20:41:61":22,"s:44:24:49:9":23,"b:45:23:45:39:45:43:45:59":9,"b:48:23:48:34:48:38:48:Infinity":10,"s:51:25:58:10":24,"b:60:8:63:Infinity:undefined:undefined:undefined:undefined":11,"s:60:8:63:Infinity":25,"s:61:24:61:45":26,"s:62:12:62:Infinity":27,"s:65:21:65:42":28,"s:66:26:66:41":29,"b:68:8:68:Infinity:undefined:undefined:undefined:undefined":12,"s:68:8:68:Infinity":30,"b:68:12:68:30:68:34:68:43":13,"s:68:45:68:Infinity":31,"b:70:8:73:Infinity:undefined:undefined:undefined:undefined":14,"s:70:8:73:Infinity":32,"s:71:27:71:78":33,"s:72:12:72:Infinity":34,"b:72:26:72:43:72:47:72:57":15,"s:75:8:75:Infinity":35,"b:75:22:75:37:75:41:75:49":16},"fnNames":{}}}
,"/Users/avaspatel/Documents/kimi/Workspaces/devinedesk/devinedesk/src/lib/providers/goapi.js": {"path":"/Users/avaspatel/Documents/kimi/Workspaces/devinedesk/devinedesk/src/lib/providers/goapi.js","statementMap":{"0":{"start":{"line":1,"column":28},"end":{"line":75,"column":1}},"1":{"start":{"line":3,"column":20},"end":{"line":3,"column":35}},"2":{"start":{"line":4,"column":8},"end":{"line":4,"column":null}},"3":{"start":{"line":4,"column":18},"end":{"line":4,"column":null}},"4":{"start":{"line":5,"column":8},"end":{"line":5,"column":null}},"5":{"start":{"line":9,"column":24},"end":{"line":9,"column":67}},"6":{"start":{"line":11,"column":8},"end":{"line":31,"column":null}},"7":{"start":{"line":11,"column":27},"end":{"line":11,"column":28}},"8":{"start":{"line":12,"column":12},"end":{"line":12,"column":null}},"9":{"start":{"line":12,"column":41},"end":{"line":12,"column":70}},"10":{"start":{"line":14,"column":29},"end":{"line":18,"column":14}},"11":{"start":{"line":20,"column":12},"end":{"line":20,"column":null}},"12":{"start":{"line":20,"column":30},"end":{"line":20,"column":null}},"13":{"start":{"line":22,"column":25},"end":{"line":22,"column":46}},"14":{"start":{"line":23,"column":27},"end":{"line":23,"column":53}},"15":{"start":{"line":25,"column":12},"end":{"line":27,"column":null}},"16":{"start":{"line":26,"column":16},"end":{"line":26,"column":null}},"17":{"start":{"line":28,"column":12},"end":{"line":30,"column":null}},"18":{"start":{"line":29,"column":16},"end":{"line":29,"column":null}},"19":{"start":{"line":32,"column":8},"end":{"line":32,"column":null}},"20":{"start":{"line":36,"column":20},"end":{"line":36,"column":39}},"21":{"start":{"line":37,"column":20},"end":{"line":37,"column":65}},"22":{"start":{"line":39,"column":25},"end":{"line":39,"column":38}},"23":{"start":{"line":40,"column":8},"end":{"line":40,"column":null}},"24":{"start":{"line":40,"column":33},"end":{"line":40,"column":null}},"25":{"start":{"line":41,"column":8},"end":{"line":41,"column":null}},"26":{"start":{"line":41,"column":28},"end":{"line":41,"column":null}},"27":{"start":{"line":42,"column":8},"end":{"line":42,"column":null}},"28":{"start":{"line":42,"column":25},"end":{"line":42,"column":null}},"29":{"start":{"line":44,"column":24},"end":{"line":47,"column":9}},"30":{"start":{"line":49,"column":25},"end":{"line":56,"column":10}},"31":{"start":{"line":58,"column":8},"end":{"line":61,"column":null}},"32":{"start":{"line":59,"column":24},"end":{"line":59,"column":45}},"33":{"start":{"line":60,"column":12},"end":{"line":60,"column":null}},"34":{"start":{"line":63,"column":21},"end":{"line":63,"column":42}},"35":{"start":{"line":64,"column":23},"end":{"line":64,"column":35}},"36":{"start":{"line":66,"column":8},"end":{"line":66,"column":null}},"37":{"start":{"line":66,"column":42},"end":{"line":66,"column":null}},"38":{"start":{"line":68,"column":8},"end":{"line":71,"column":null}},"39":{"start":{"line":69,"column":27},"end":{"line":69,"column":75}},"40":{"start":{"line":70,"column":12},"end":{"line":70,"column":null}},"41":{"start":{"line":73,"column":8},"end":{"line":73,"column":null}}},"fnMap":{"0":{"name":"(anonymous_0)","decl":{"start":{"line":2,"column":12},"end":{"line":2,"column":13}},"loc":{"start":{"line":2,"column":24},"end":{"line":6,"column":5}},"line":2},"1":{"name":"pollForResult","decl":{"start":{"line":8,"column":4},"end":{"line":8,"column":17}},"loc":{"start":{"line":8,"column":82},"end":{"line":33,"column":5}},"line":8},"2":{"name":"(anonymous_2)","decl":{"start":{"line":12,"column":30},"end":{"line":12,"column":37}},"loc":{"start":{"line":12,"column":41},"end":{"line":12,"column":70}},"line":12},"3":{"name":"generateImage","decl":{"start":{"line":35,"column":4},"end":{"line":35,"column":17}},"loc":{"start":{"line":35,"column":42},"end":{"line":74,"column":null}},"line":35}},"branchMap":{"0":{"loc":{"start":{"line":4,"column":8},"end":{"line":4,"column":null}},"type":"if","locations":[{"start":{"line":4,"column":8},"end":{"line":4,"column":null}},{"start":{},"end":{}}],"line":4},"1":{"loc":{"start":{"line":8,"column":47},"end":{"line":8,"column":63}},"type":"default-arg","locations":[{"start":{"line":8,"column":61},"end":{"line":8,"column":63}}],"line":8},"2":{"loc":{"start":{"line":8,"column":65},"end":{"line":8,"column":80}},"type":"default-arg","locations":[{"start":{"line":8,"column":76},"end":{"line":8,"column":80}}],"line":8},"3":{"loc":{"start":{"line":20,"column":12},"end":{"line":20,"column":null}},"type":"if","locations":[{"start":{"line":20,"column":12},"end":{"line":20,"column":null}},{"start":{},"end":{}}],"line":20},"4":{"loc":{"start":{"line":25,"column":12},"end":{"line":27,"column":null}},"type":"if","locations":[{"start":{"line":25,"column":12},"end":{"line":27,"column":null}},{"start":{},"end":{}}],"line":25},"5":{"loc":{"start":{"line":25,"column":16},"end":{"line":25,"column":63}},"type":"binary-expr","locations":[{"start":{"line":25,"column":16},"end":{"line":25,"column":37}},{"start":{"line":25,"column":41},"end":{"line":25,"column":63}}],"line":25},"6":{"loc":{"start":{"line":28,"column":12},"end":{"line":30,"column":null}},"type":"if","locations":[{"start":{"line":28,"column":12},"end":{"line":30,"column":null}},{"start":{},"end":{}}],"line":28},"7":{"loc":{"start":{"line":28,"column":16},"end":{"line":28,"column":57}},"type":"binary-expr","locations":[{"start":{"line":28,"column":16},"end":{"line":28,"column":35}},{"start":{"line":28,"column":39},"end":{"line":28,"column":57}}],"line":28},"8":{"loc":{"start":{"line":29,"column":60},"end":{"line":29,"column":89}},"type":"binary-expr","locations":[{"start":{"line":29,"column":60},"end":{"line":29,"column":70}},{"start":{"line":29,"column":74},"end":{"line":29,"column":89}}],"line":29},"9":{"loc":{"start":{"line":40,"column":8},"end":{"line":40,"column":null}},"type":"if","locations":[{"start":{"line":40,"column":8},"end":{"line":40,"column":null}},{"start":{},"end":{}}],"line":40},"10":{"loc":{"start":{"line":41,"column":8},"end":{"line":41,"column":null}},"type":"if","locations":[{"start":{"line":41,"column":8},"end":{"line":41,"column":null}},{"start":{},"end":{}}],"line":41},"11":{"loc":{"start":{"line":42,"column":8},"end":{"line":42,"column":null}},"type":"if","locations":[{"start":{"line":42,"column":8},"end":{"line":42,"column":null}},{"start":{},"end":{}}],"line":42},"12":{"loc":{"start":{"line":58,"column":8},"end":{"line":61,"column":null}},"type":"if","locations":[{"start":{"line":58,"column":8},"end":{"line":61,"column":null}},{"start":{},"end":{}}],"line":58},"13":{"loc":{"start":{"line":66,"column":8},"end":{"line":66,"column":null}},"type":"if","locations":[{"start":{"line":66,"column":8},"end":{"line":66,"column":null}},{"start":{},"end":{}}],"line":66},"14":{"loc":{"start":{"line":66,"column":12},"end":{"line":66,"column":40}},"type":"binary-expr","locations":[{"start":{"line":66,"column":12},"end":{"line":66,"column":30}},{"start":{"line":66,"column":34},"end":{"line":66,"column":40}}],"line":66},"15":{"loc":{"start":{"line":68,"column":8},"end":{"line":71,"column":null}},"type":"if","locations":[{"start":{"line":68,"column":8},"end":{"line":71,"column":null}},{"start":{},"end":{}}],"line":68}},"s":{"0":2,"1":0,"2":0,"3":0,"4":0,"5":0,"6":0,"7":0,"8":0,"9":0,"10":0,"11":0,"12":0,"13":0,"14":0,"15":0,"16":0,"17":0,"18":0,"19":0,"20":0,"21":0,"22":0,"23":0,"24":0,"25":0,"26":0,"27":0,"28":0,"29":0,"30":0,"31":0,"32":0,"33":0,"34":0,"35":0,"36":0,"37":0,"38":0,"39":0,"40":0,"41":0},"f":{"0":0,"1":2,"2":0,"3":2},"b":{"0":[0,0],"1":[0],"2":[0],"3":[0,0],"4":[0,0],"5":[0,0],"6":[0,0],"7":[0,0],"8":[0,0],"9":[0,0],"10":[0,0],"11":[0,0],"12":[0,0],"13":[0,0],"14":[0,0],"15":[0,0]},"meta":{"lastBranch":16,"lastFunction":4,"lastStatement":42,"seen":{"s:1:28:75:1":0,"f:2:12:2:13":0,"s:3:20:3:35":1,"b:4:8:4:Infinity:undefined:undefined:undefined:undefined":0,"s:4:8:4:Infinity":2,"s:4:18:4:Infinity":3,"s:5:8:5:Infinity":4,"f:8:4:8:17":1,"b:8:61:8:63":1,"b:8:76:8:80":2,"s:9:24:9:67":5,"s:11:8:31:Infinity":6,"s:11:27:11:28":7,"s:12:12:12:Infinity":8,"f:12:30:12:37":2,"s:12:41:12:70":9,"s:14:29:18:14":10,"b:20:12:20:Infinity:undefined:undefined:undefined:undefined":3,"s:20:12:20:Infinity":11,"s:20:30:20:Infinity":12,"s:22:25:22:46":13,"s:23:27:23:53":14,"b:25:12:27:Infinity:undefined:undefined:undefined:undefined":4,"s:25:12:27:Infinity":15,"b:25:16:25:37:25:41:25:63":5,"s:26:16:26:Infinity":16,"b:28:12:30:Infinity:undefined:undefined:undefined:undefined":6,"s:28:12:30:Infinity":17,"b:28:16:28:35:28:39:28:57":7,"s:29:16:29:Infinity":18,"b:29:60:29:70:29:74:29:89":8,"s:32:8:32:Infinity":19,"f:35:4:35:17":3,"s:36:20:36:39":20,"s:37:20:37:65":21,"s:39:25:39:38":22,"b:40:8:40:Infinity:undefined:undefined:undefined:undefined":9,"s:40:8:40:Infinity":23,"s:40:33:40:Infinity":24,"b:41:8:41:Infinity:undefined:undefined:undefined:undefined":10,"s:41:8:41:Infinity":25,"s:41:28:41:Infinity":26,"b:42:8:42:Infinity:undefined:undefined:undefined:undefined":11,"s:42:8:42:Infinity":27,"s:42:25:42:Infinity":28,"s:44:24:47:9":29,"s:49:25:56:10":30,"b:58:8:61:Infinity:undefined:undefined:undefined:undefined":12,"s:58:8:61:Infinity":31,"s:59:24:59:45":32,"s:60:12:60:Infinity":33,"s:63:21:63:42":34,"s:64:23:64:35":35,"b:66:8:66:Infinity:undefined:undefined:undefined:undefined":13,"s:66:8:66:Infinity":36,"b:66:12:66:30:66:34:66:40":14,"s:66:42:66:Infinity":37,"b:68:8:71:Infinity:undefined:undefined:undefined:undefined":15,"s:68:8:71:Infinity":38,"s:69:27:69:75":39,"s:70:12:70:Infinity":40,"s:73:8:73:Infinity":41},"fnNames":{}}}
,"/Users/avaspatel/Documents/kimi/Workspaces/devinedesk/devinedesk/src/lib/providers/huggingface.js": {"path":"/Users/avaspatel/Documents/kimi/Workspaces/devinedesk/devinedesk/src/lib/providers/huggingface.js","statementMap":{"0":{"start":{"line":1,"column":34},"end":{"line":65,"column":1}},"1":{"start":{"line":3,"column":20},"end":{"line":3,"column":35}},"2":{"start":{"line":4,"column":8},"end":{"line":4,"column":null}},"3":{"start":{"line":4,"column":18},"end":{"line":4,"column":null}},"4":{"start":{"line":5,"column":8},"end":{"line":5,"column":null}},"5":{"start":{"line":9,"column":20},"end":{"line":9,"column":39}},"6":{"start":{"line":11,"column":27},"end":{"line":11,"column":85}},"7":{"start":{"line":12,"column":20},"end":{"line":12,"column":79}},"8":{"start":{"line":14,"column":25},"end":{"line":21,"column":10}},"9":{"start":{"line":23,"column":8},"end":{"line":26,"column":null}},"10":{"start":{"line":24,"column":24},"end":{"line":24,"column":45}},"11":{"start":{"line":25,"column":12},"end":{"line":25,"column":null}},"12":{"start":{"line":28,"column":21},"end":{"line":28,"column":42}},"13":{"start":{"line":29,"column":25},"end":{"line":29,"column":50}},"14":{"start":{"line":30,"column":8},"end":{"line":30,"column":null}},"15":{"start":{"line":34,"column":8},"end":{"line":34,"column":null}},"16":{"start":{"line":38,"column":8},"end":{"line":38,"column":null}},"17":{"start":{"line":42,"column":20},"end":{"line":42,"column":39}},"18":{"start":{"line":43,"column":27},"end":{"line":43,"column":71}},"19":{"start":{"line":44,"column":20},"end":{"line":44,"column":79}},"20":{"start":{"line":47,"column":25},"end":{"line":54,"column":10}},"21":{"start":{"line":56,"column":8},"end":{"line":59,"column":null}},"22":{"start":{"line":57,"column":24},"end":{"line":57,"column":45}},"23":{"start":{"line":58,"column":12},"end":{"line":58,"column":null}},"24":{"start":{"line":61,"column":21},"end":{"line":61,"column":42}},"25":{"start":{"line":62,"column":23},"end":{"line":62,"column":48}},"26":{"start":{"line":63,"column":8},"end":{"line":63,"column":null}}},"fnMap":{"0":{"name":"(anonymous_0)","decl":{"start":{"line":2,"column":12},"end":{"line":2,"column":13}},"loc":{"start":{"line":2,"column":24},"end":{"line":6,"column":5}},"line":2},"1":{"name":"generateImage","decl":{"start":{"line":8,"column":4},"end":{"line":8,"column":17}},"loc":{"start":{"line":8,"column":42},"end":{"line":31,"column":5}},"line":8},"2":{"name":"generateI2I","decl":{"start":{"line":33,"column":4},"end":{"line":33,"column":15}},"loc":{"start":{"line":33,"column":40},"end":{"line":35,"column":5}},"line":33},"3":{"name":"generateVideo","decl":{"start":{"line":37,"column":4},"end":{"line":37,"column":17}},"loc":{"start":{"line":37,"column":42},"end":{"line":39,"column":5}},"line":37},"4":{"name":"generate3D","decl":{"start":{"line":41,"column":4},"end":{"line":41,"column":14}},"loc":{"start":{"line":41,"column":39},"end":{"line":64,"column":null}},"line":41}},"branchMap":{"0":{"loc":{"start":{"line":4,"column":8},"end":{"line":4,"column":null}},"type":"if","locations":[{"start":{"line":4,"column":8},"end":{"line":4,"column":null}},{"start":{},"end":{}}],"line":4},"1":{"loc":{"start":{"line":11,"column":27},"end":{"line":11,"column":85}},"type":"binary-expr","locations":[{"start":{"line":11,"column":27},"end":{"line":11,"column":39}},{"start":{"line":11,"column":43},"end":{"line":11,"column":85}}],"line":11},"2":{"loc":{"start":{"line":23,"column":8},"end":{"line":26,"column":null}},"type":"if","locations":[{"start":{"line":23,"column":8},"end":{"line":26,"column":null}},{"start":{},"end":{}}],"line":23},"3":{"loc":{"start":{"line":43,"column":27},"end":{"line":43,"column":71}},"type":"binary-expr","locations":[{"start":{"line":43,"column":27},"end":{"line":43,"column":39}},{"start":{"line":43,"column":43},"end":{"line":43,"column":71}}],"line":43},"4":{"loc":{"start":{"line":53,"column":43},"end":{"line":53,"column":76}},"type":"binary-expr","locations":[{"start":{"line":53,"column":43},"end":{"line":53,"column":59}},{"start":{"line":53,"column":63},"end":{"line":53,"column":76}}],"line":53},"5":{"loc":{"start":{"line":56,"column":8},"end":{"line":59,"column":null}},"type":"if","locations":[{"start":{"line":56,"column":8},"end":{"line":59,"column":null}},{"start":{},"end":{}}],"line":56}},"s":{"0":2,"1":0,"2":0,"3":0,"4":0,"5":0,"6":0,"7":0,"8":0,"9":0,"10":0,"11":0,"12":0,"13":0,"14":0,"15":0,"16":0,"17":0,"18":0,"19":0,"20":0,"21":0,"22":0,"23":0,"24":0,"25":0,"26":0},"f":{"0":0,"1":2,"2":2,"3":2,"4":2},"b":{"0":[0,0],"1":[0,0],"2":[0,0],"3":[0,0],"4":[0,0],"5":[0,0]},"meta":{"lastBranch":6,"lastFunction":5,"lastStatement":27,"seen":{"s:1:34:65:1":0,"f:2:12:2:13":0,"s:3:20:3:35":1,"b:4:8:4:Infinity:undefined:undefined:undefined:undefined":0,"s:4:8:4:Infinity":2,"s:4:18:4:Infinity":3,"s:5:8:5:Infinity":4,"f:8:4:8:17":1,"s:9:20:9:39":5,"s:11:27:11:85":6,"b:11:27:11:39:11:43:11:85":1,"s:12:20:12:79":7,"s:14:25:21:10":8,"b:23:8:26:Infinity:undefined:undefined:undefined:undefined":2,"s:23:8:26:Infinity":9,"s:24:24:24:45":10,"s:25:12:25:Infinity":11,"s:28:21:28:42":12,"s:29:25:29:50":13,"s:30:8:30:Infinity":14,"f:33:4:33:15":2,"s:34:8:34:Infinity":15,"f:37:4:37:17":3,"s:38:8:38:Infinity":16,"f:41:4:41:14":4,"s:42:20:42:39":17,"s:43:27:43:71":18,"b:43:27:43:39:43:43:43:71":3,"s:44:20:44:79":19,"s:47:25:54:10":20,"b:53:43:53:59:53:63:53:76":4,"b:56:8:59:Infinity:undefined:undefined:undefined:undefined":5,"s:56:8:59:Infinity":21,"s:57:24:57:45":22,"s:58:12:58:Infinity":23,"s:61:21:61:42":24,"s:62:23:62:48":25,"s:63:8:63:Infinity":26},"fnNames":{}}}
,"/Users/avaspatel/Documents/kimi/Workspaces/devinedesk/devinedesk/src/lib/providers/openrouter.js": {"path":"/Users/avaspatel/Documents/kimi/Workspaces/devinedesk/devinedesk/src/lib/providers/openrouter.js","statementMap":{"0":{"start":{"line":3,"column":33},"end":{"line":59,"column":1}},"1":{"start":{"line":5,"column":20},"end":{"line":5,"column":35}},"2":{"start":{"line":6,"column":8},"end":{"line":6,"column":null}},"3":{"start":{"line":6,"column":18},"end":{"line":6,"column":null}},"4":{"start":{"line":7,"column":8},"end":{"line":7,"column":null}},"5":{"start":{"line":11,"column":20},"end":{"line":11,"column":39}},"6":{"start":{"line":12,"column":20},"end":{"line":12,"column":67}},"7":{"start":{"line":14,"column":24},"end":{"line":22,"column":9}},"8":{"start":{"line":24,"column":29},"end":{"line":40,"column":9}},"9":{"start":{"line":25,"column":29},"end":{"line":32,"column":14}},"10":{"start":{"line":34,"column":12},"end":{"line":37,"column":null}},"11":{"start":{"line":35,"column":28},"end":{"line":35,"column":49}},"12":{"start":{"line":36,"column":16},"end":{"line":36,"column":null}},"13":{"start":{"line":39,"column":12},"end":{"line":39,"column":null}},"14":{"start":{"line":43,"column":21},"end":{"line":43,"column":61}},"15":{"start":{"line":45,"column":24},"end":{"line":45,"column":59}},"16":{"start":{"line":47,"column":8},"end":{"line":49,"column":null}},"17":{"start":{"line":53,"column":8},"end":{"line":53,"column":null}},"18":{"start":{"line":57,"column":8},"end":{"line":57,"column":null}}},"fnMap":{"0":{"name":"(anonymous_0)","decl":{"start":{"line":4,"column":12},"end":{"line":4,"column":13}},"loc":{"start":{"line":4,"column":24},"end":{"line":8,"column":5}},"line":4},"1":{"name":"generateImage","decl":{"start":{"line":10,"column":4},"end":{"line":10,"column":17}},"loc":{"start":{"line":10,"column":42},"end":{"line":50,"column":5}},"line":10},"2":{"name":"(anonymous_2)","decl":{"start":{"line":24,"column":29},"end":{"line":24,"column":34}},"loc":{"start":{"line":24,"column":41},"end":{"line":40,"column":9}},"line":24},"3":{"name":"generateI2I","decl":{"start":{"line":52,"column":4},"end":{"line":52,"column":15}},"loc":{"start":{"line":52,"column":40},"end":{"line":54,"column":5}},"line":52},"4":{"name":"generateVideo","decl":{"start":{"line":56,"column":4},"end":{"line":56,"column":17}},"loc":{"start":{"line":56,"column":42},"end":{"line":58,"column":null}},"line":56}},"branchMap":{"0":{"loc":{"start":{"line":6,"column":8},"end":{"line":6,"column":null}},"type":"if","locations":[{"start":{"line":6,"column":8},"end":{"line":6,"column":null}},{"start":{},"end":{}}],"line":6},"1":{"loc":{"start":{"line":19,"column":25},"end":{"line":19,"column":50}},"type":"binary-expr","locations":[{"start":{"line":19,"column":25},"end":{"line":19,"column":43}},{"start":{"line":19,"column":47},"end":{"line":19,"column":50}}],"line":19},"2":{"loc":{"start":{"line":20,"column":19},"end":{"line":20,"column":36}},"type":"binary-expr","locations":[{"start":{"line":20,"column":19},"end":{"line":20,"column":31}},{"start":{"line":20,"column":35},"end":{"line":20,"column":36}}],"line":20},"3":{"loc":{"start":{"line":34,"column":12},"end":{"line":37,"column":null}},"type":"if","locations":[{"start":{"line":34,"column":12},"end":{"line":37,"column":null}},{"start":{},"end":{}}],"line":34}},"s":{"0":2,"1":0,"2":0,"3":0,"4":0,"5":0,"6":0,"7":0,"8":0,"9":0,"10":0,"11":0,"12":0,"13":0,"14":0,"15":0,"16":0,"17":0,"18":0},"f":{"0":0,"1":2,"2":0,"3":2,"4":2},"b":{"0":[0,0],"1":[0,0],"2":[0,0],"3":[0,0]},"meta":{"lastBranch":4,"lastFunction":5,"lastStatement":19,"seen":{"s:3:33:59:1":0,"f:4:12:4:13":0,"s:5:20:5:35":1,"b:6:8:6:Infinity:undefined:undefined:undefined:undefined":0,"s:6:8:6:Infinity":2,"s:6:18:6:Infinity":3,"s:7:8:7:Infinity":4,"f:10:4:10:17":1,"s:11:20:11:39":5,"s:12:20:12:67":6,"s:14:24:22:9":7,"b:19:25:19:43:19:47:19:50":1,"b:20:19:20:31:20:35:20:36":2,"s:24:29:40:9":8,"f:24:29:24:34":2,"s:25:29:32:14":9,"b:34:12:37:Infinity:undefined:undefined:undefined:undefined":3,"s:34:12:37:Infinity":10,"s:35:28:35:49":11,"s:36:16:36:Infinity":12,"s:39:12:39:Infinity":13,"s:43:21:43:61":14,"s:45:24:45:59":15,"s:47:8:49:Infinity":16,"f:52:4:52:15":3,"s:53:8:53:Infinity":17,"f:56:4:56:17":4,"s:57:8:57:Infinity":18},"fnNames":{}}}
,"/Users/avaspatel/Documents/kimi/Workspaces/devinedesk/devinedesk/src/lib/services/billingService.js": {"path":"/Users/avaspatel/Documents/kimi/Workspaces/devinedesk/devinedesk/src/lib/services/billingService.js","statementMap":{"0":{"start":{"line":8,"column":8},"end":{"line":8,"column":null}},"1":{"start":{"line":8,"column":21},"end":{"line":8,"column":null}},"2":{"start":{"line":10,"column":21},"end":{"line":10,"column":76}},"3":{"start":{"line":11,"column":8},"end":{"line":11,"column":null}},"4":{"start":{"line":11,"column":42},"end":{"line":11,"column":null}},"5":{"start":{"line":13,"column":55},"end":{"line":37,"column":10}},"6":{"start":{"line":39,"column":8},"end":{"line":39,"column":null}},"7":{"start":{"line":46,"column":8},"end":{"line":46,"column":null}},"8":{"start":{"line":46,"column":21},"end":{"line":46,"column":null}},"9":{"start":{"line":47,"column":21},"end":{"line":47,"column":76}},"10":{"start":{"line":48,"column":8},"end":{"line":48,"column":null}},"11":{"start":{"line":48,"column":42},"end":{"line":48,"column":null}},"12":{"start":{"line":50,"column":8},"end":{"line":63,"column":null}},"13":{"start":{"line":64,"column":8},"end":{"line":64,"column":null}},"14":{"start":{"line":71,"column":8},"end":{"line":71,"column":null}},"15":{"start":{"line":71,"column":21},"end":{"line":71,"column":null}},"16":{"start":{"line":72,"column":32},"end":{"line":81,"column":9}},"17":{"start":{"line":83,"column":8},"end":{"line":111,"column":null}},"18":{"start":{"line":84,"column":33},"end":{"line":84,"column":114}},"19":{"start":{"line":85,"column":12},"end":{"line":96,"column":null}},"20":{"start":{"line":99,"column":12},"end":{"line":110,"column":null}},"21":{"start":{"line":113,"column":8},"end":{"line":113,"column":null}},"22":{"start":{"line":120,"column":8},"end":{"line":120,"column":null}},"23":{"start":{"line":120,"column":21},"end":{"line":120,"column":null}},"24":{"start":{"line":122,"column":32},"end":{"line":122,"column":34}},"25":{"start":{"line":124,"column":8},"end":{"line":148,"column":null}},"26":{"start":{"line":125,"column":12},"end":{"line":128,"column":null}},"27":{"start":{"line":129,"column":12},"end":{"line":136,"column":null}},"28":{"start":{"line":137,"column":12},"end":{"line":147,"column":null}},"29":{"start":{"line":150,"column":8},"end":{"line":157,"column":null}},"30":{"start":{"line":159,"column":8},"end":{"line":159,"column":null}},"31":{"start":{"line":166,"column":8},"end":{"line":166,"column":null}},"32":{"start":{"line":166,"column":21},"end":{"line":166,"column":null}},"33":{"start":{"line":168,"column":43},"end":{"line":182,"column":10}},"34":{"start":{"line":184,"column":8},"end":{"line":184,"column":null}},"35":{"start":{"line":191,"column":8},"end":{"line":191,"column":null}},"36":{"start":{"line":191,"column":30},"end":{"line":191,"column":null}},"37":{"start":{"line":192,"column":36},"end":{"line":194,"column":10}},"38":{"start":{"line":195,"column":8},"end":{"line":195,"column":null}}},"fnMap":{"0":{"name":"recordUsageAndHistory","decl":{"start":{"line":7,"column":17},"end":{"line":7,"column":38}},"loc":{"start":{"line":7,"column":97},"end":{"line":40,"column":null}},"line":7},"1":{"name":"queueGeneration","decl":{"start":{"line":45,"column":17},"end":{"line":45,"column":32}},"loc":{"start":{"line":45,"column":55},"end":{"line":65,"column":null}},"line":45},"2":{"name":"finalizeSuccessfulGeneration","decl":{"start":{"line":70,"column":17},"end":{"line":70,"column":45}},"loc":{"start":{"line":70,"column":100},"end":{"line":114,"column":null}},"line":70},"3":{"name":"refundFailedGeneration","decl":{"start":{"line":119,"column":17},"end":{"line":119,"column":39}},"loc":{"start":{"line":119,"column":89},"end":{"line":160,"column":null}},"line":119},"4":{"name":"addCredits","decl":{"start":{"line":165,"column":17},"end":{"line":165,"column":27}},"loc":{"start":{"line":165,"column":81},"end":{"line":185,"column":null}},"line":165},"5":{"name":"checkTransactionProcessed","decl":{"start":{"line":190,"column":17},"end":{"line":190,"column":42}},"loc":{"start":{"line":190,"column":60},"end":{"line":196,"column":null}},"line":190}},"branchMap":{"0":{"loc":{"start":{"line":8,"column":8},"end":{"line":8,"column":null}},"type":"if","locations":[{"start":{"line":8,"column":8},"end":{"line":8,"column":null}},{"start":{},"end":{}}],"line":8},"1":{"loc":{"start":{"line":11,"column":8},"end":{"line":11,"column":null}},"type":"if","locations":[{"start":{"line":11,"column":8},"end":{"line":11,"column":null}},{"start":{},"end":{}}],"line":11},"2":{"loc":{"start":{"line":11,"column":12},"end":{"line":11,"column":40}},"type":"binary-expr","locations":[{"start":{"line":11,"column":12},"end":{"line":11,"column":17}},{"start":{"line":11,"column":21},"end":{"line":11,"column":40}}],"line":11},"3":{"loc":{"start":{"line":30,"column":28},"end":{"line":30,"column":42}},"type":"binary-expr","locations":[{"start":{"line":30,"column":28},"end":{"line":30,"column":34}},{"start":{"line":30,"column":38},"end":{"line":30,"column":42}}],"line":30},"4":{"loc":{"start":{"line":31,"column":27},"end":{"line":31,"column":40}},"type":"binary-expr","locations":[{"start":{"line":31,"column":27},"end":{"line":31,"column":32}},{"start":{"line":31,"column":36},"end":{"line":31,"column":40}}],"line":31},"5":{"loc":{"start":{"line":32,"column":32},"end":{"line":32,"column":116}},"type":"cond-expr","locations":[{"start":{"line":32,"column":65},"end":{"line":32,"column":95}},{"start":{"line":32,"column":99},"end":{"line":32,"column":115}}],"line":32},"6":{"loc":{"start":{"line":32,"column":76},"end":{"line":32,"column":94}},"type":"binary-expr","locations":[{"start":{"line":32,"column":76},"end":{"line":32,"column":86}},{"start":{"line":32,"column":90},"end":{"line":32,"column":94}}],"line":32},"7":{"loc":{"start":{"line":32,"column":99},"end":{"line":32,"column":115}},"type":"binary-expr","locations":[{"start":{"line":32,"column":99},"end":{"line":32,"column":109}},{"start":{"line":32,"column":113},"end":{"line":32,"column":115}}],"line":32},"8":{"loc":{"start":{"line":33,"column":31},"end":{"line":33,"column":48}},"type":"binary-expr","locations":[{"start":{"line":33,"column":31},"end":{"line":33,"column":40}},{"start":{"line":33,"column":44},"end":{"line":33,"column":48}}],"line":33},"9":{"loc":{"start":{"line":46,"column":8},"end":{"line":46,"column":null}},"type":"if","locations":[{"start":{"line":46,"column":8},"end":{"line":46,"column":null}},{"start":{},"end":{}}],"line":46},"10":{"loc":{"start":{"line":48,"column":8},"end":{"line":48,"column":null}},"type":"if","locations":[{"start":{"line":48,"column":8},"end":{"line":48,"column":null}},{"start":{},"end":{}}],"line":48},"11":{"loc":{"start":{"line":48,"column":12},"end":{"line":48,"column":40}},"type":"binary-expr","locations":[{"start":{"line":48,"column":12},"end":{"line":48,"column":17}},{"start":{"line":48,"column":21},"end":{"line":48,"column":40}}],"line":48},"12":{"loc":{"start":{"line":71,"column":8},"end":{"line":71,"column":null}},"type":"if","locations":[{"start":{"line":71,"column":8},"end":{"line":71,"column":null}},{"start":{},"end":{}}],"line":71},"13":{"loc":{"start":{"line":83,"column":8},"end":{"line":111,"column":null}},"type":"if","locations":[{"start":{"line":83,"column":8},"end":{"line":111,"column":null}},{"start":{},"end":{}}],"line":83},"14":{"loc":{"start":{"line":84,"column":33},"end":{"line":84,"column":114}},"type":"cond-expr","locations":[{"start":{"line":84,"column":53},"end":{"line":84,"column":72}},{"start":{"line":84,"column":75},"end":{"line":84,"column":114}}],"line":84},"15":{"loc":{"start":{"line":90,"column":28},"end":{"line":90,"column":40}},"type":"binary-expr","locations":[{"start":{"line":90,"column":28},"end":{"line":90,"column":34}},{"start":{"line":90,"column":38},"end":{"line":90,"column":40}}],"line":90},"16":{"loc":{"start":{"line":91,"column":27},"end":{"line":91,"column":42}},"type":"binary-expr","locations":[{"start":{"line":91,"column":27},"end":{"line":91,"column":32}},{"start":{"line":91,"column":36},"end":{"line":91,"column":42}}],"line":91},"17":{"loc":{"start":{"line":92,"column":32},"end":{"line":92,"column":116}},"type":"cond-expr","locations":[{"start":{"line":92,"column":65},"end":{"line":92,"column":95}},{"start":{"line":92,"column":99},"end":{"line":92,"column":115}}],"line":92},"18":{"loc":{"start":{"line":92,"column":76},"end":{"line":92,"column":94}},"type":"binary-expr","locations":[{"start":{"line":92,"column":76},"end":{"line":92,"column":86}},{"start":{"line":92,"column":90},"end":{"line":92,"column":94}}],"line":92},"19":{"loc":{"start":{"line":92,"column":99},"end":{"line":92,"column":115}},"type":"binary-expr","locations":[{"start":{"line":92,"column":99},"end":{"line":92,"column":109}},{"start":{"line":92,"column":113},"end":{"line":92,"column":115}}],"line":92},"20":{"loc":{"start":{"line":93,"column":31},"end":{"line":93,"column":46}},"type":"binary-expr","locations":[{"start":{"line":93,"column":31},"end":{"line":93,"column":40}},{"start":{"line":93,"column":44},"end":{"line":93,"column":46}}],"line":93},"21":{"loc":{"start":{"line":103,"column":27},"end":{"line":103,"column":42}},"type":"binary-expr","locations":[{"start":{"line":103,"column":27},"end":{"line":103,"column":32}},{"start":{"line":103,"column":36},"end":{"line":103,"column":42}}],"line":103},"22":{"loc":{"start":{"line":120,"column":8},"end":{"line":120,"column":null}},"type":"if","locations":[{"start":{"line":120,"column":8},"end":{"line":120,"column":null}},{"start":{},"end":{}}],"line":120},"23":{"loc":{"start":{"line":124,"column":8},"end":{"line":148,"column":null}},"type":"if","locations":[{"start":{"line":124,"column":8},"end":{"line":148,"column":null}},{"start":{},"end":{}}],"line":124},"24":{"loc":{"start":{"line":141,"column":28},"end":{"line":141,"column":40}},"type":"binary-expr","locations":[{"start":{"line":141,"column":28},"end":{"line":141,"column":34}},{"start":{"line":141,"column":38},"end":{"line":141,"column":40}}],"line":141},"25":{"loc":{"start":{"line":142,"column":27},"end":{"line":142,"column":42}},"type":"binary-expr","locations":[{"start":{"line":142,"column":27},"end":{"line":142,"column":32}},{"start":{"line":142,"column":36},"end":{"line":142,"column":42}}],"line":142},"26":{"loc":{"start":{"line":143,"column":32},"end":{"line":143,"column":116}},"type":"cond-expr","locations":[{"start":{"line":143,"column":65},"end":{"line":143,"column":95}},{"start":{"line":143,"column":99},"end":{"line":143,"column":115}}],"line":143},"27":{"loc":{"start":{"line":143,"column":76},"end":{"line":143,"column":94}},"type":"binary-expr","locations":[{"start":{"line":143,"column":76},"end":{"line":143,"column":86}},{"start":{"line":143,"column":90},"end":{"line":143,"column":94}}],"line":143},"28":{"loc":{"start":{"line":143,"column":99},"end":{"line":143,"column":115}},"type":"binary-expr","locations":[{"start":{"line":143,"column":99},"end":{"line":143,"column":109}},{"start":{"line":143,"column":113},"end":{"line":143,"column":115}}],"line":143},"29":{"loc":{"start":{"line":154,"column":59},"end":{"line":154,"column":125}},"type":"cond-expr","locations":[{"start":{"line":154,"column":91},"end":{"line":154,"column":120}},{"start":{"line":154,"column":123},"end":{"line":154,"column":125}}],"line":154},"30":{"loc":{"start":{"line":165,"column":57},"end":{"line":165,"column":79}},"type":"default-arg","locations":[{"start":{"line":165,"column":75},"end":{"line":165,"column":79}}],"line":165},"31":{"loc":{"start":{"line":166,"column":8},"end":{"line":166,"column":null}},"type":"if","locations":[{"start":{"line":166,"column":8},"end":{"line":166,"column":null}},{"start":{},"end":{}}],"line":166},"32":{"loc":{"start":{"line":191,"column":8},"end":{"line":191,"column":null}},"type":"if","locations":[{"start":{"line":191,"column":8},"end":{"line":191,"column":null}},{"start":{},"end":{}}],"line":191}},"s":{"0":0,"1":0,"2":0,"3":0,"4":0,"5":0,"6":0,"7":0,"8":0,"9":0,"10":0,"11":0,"12":0,"13":0,"14":0,"15":0,"16":0,"17":0,"18":0,"19":0,"20":0,"21":0,"22":0,"23":0,"24":0,"25":0,"26":0,"27":0,"28":0,"29":0,"30":0,"31":1,"32":0,"33":1,"34":1,"35":1,"36":0,"37":1,"38":1},"f":{"0":1,"1":1,"2":1,"3":1,"4":1,"5":1},"b":{"0":[0,0],"1":[0,0],"2":[0,0],"3":[0,0],"4":[0,0],"5":[0,0],"6":[0,0],"7":[0,0],"8":[0,0],"9":[0,0],"10":[0,0],"11":[0,0],"12":[0,0],"13":[0,0],"14":[0,0],"15":[0,0],"16":[0,0],"17":[0,0],"18":[0,0],"19":[0,0],"20":[0,0],"21":[0,0],"22":[0,0],"23":[0,0],"24":[0,0],"25":[0,0],"26":[0,0],"27":[0,0],"28":[0,0],"29":[0,0],"30":[1],"31":[0,1],"32":[0,1]},"meta":{"lastBranch":33,"lastFunction":6,"lastStatement":39,"seen":{"f:7:17:7:38":0,"b:8:8:8:Infinity:undefined:undefined:undefined:undefined":0,"s:8:8:8:Infinity":0,"s:8:21:8:Infinity":1,"s:10:21:10:76":2,"b:11:8:11:Infinity:undefined:undefined:undefined:undefined":1,"s:11:8:11:Infinity":3,"b:11:12:11:17:11:21:11:40":2,"s:11:42:11:Infinity":4,"s:13:55:37:10":5,"b:30:28:30:34:30:38:30:42":3,"b:31:27:31:32:31:36:31:40":4,"b:32:65:32:95:32:99:32:115":5,"b:32:76:32:86:32:90:32:94":6,"b:32:99:32:109:32:113:32:115":7,"b:33:31:33:40:33:44:33:48":8,"s:39:8:39:Infinity":6,"f:45:17:45:32":1,"b:46:8:46:Infinity:undefined:undefined:undefined:undefined":9,"s:46:8:46:Infinity":7,"s:46:21:46:Infinity":8,"s:47:21:47:76":9,"b:48:8:48:Infinity:undefined:undefined:undefined:undefined":10,"s:48:8:48:Infinity":10,"b:48:12:48:17:48:21:48:40":11,"s:48:42:48:Infinity":11,"s:50:8:63:Infinity":12,"s:64:8:64:Infinity":13,"f:70:17:70:45":2,"b:71:8:71:Infinity:undefined:undefined:undefined:undefined":12,"s:71:8:71:Infinity":14,"s:71:21:71:Infinity":15,"s:72:32:81:9":16,"b:83:8:111:Infinity:undefined:undefined:undefined:undefined":13,"s:83:8:111:Infinity":17,"s:84:33:84:114":18,"b:84:53:84:72:84:75:84:114":14,"s:85:12:96:Infinity":19,"b:90:28:90:34:90:38:90:40":15,"b:91:27:91:32:91:36:91:42":16,"b:92:65:92:95:92:99:92:115":17,"b:92:76:92:86:92:90:92:94":18,"b:92:99:92:109:92:113:92:115":19,"b:93:31:93:40:93:44:93:46":20,"s:99:12:110:Infinity":20,"b:103:27:103:32:103:36:103:42":21,"s:113:8:113:Infinity":21,"f:119:17:119:39":3,"b:120:8:120:Infinity:undefined:undefined:undefined:undefined":22,"s:120:8:120:Infinity":22,"s:120:21:120:Infinity":23,"s:122:32:122:34":24,"b:124:8:148:Infinity:undefined:undefined:undefined:undefined":23,"s:124:8:148:Infinity":25,"s:125:12:128:Infinity":26,"s:129:12:136:Infinity":27,"s:137:12:147:Infinity":28,"b:141:28:141:34:141:38:141:40":24,"b:142:27:142:32:142:36:142:42":25,"b:143:65:143:95:143:99:143:115":26,"b:143:76:143:86:143:90:143:94":27,"b:143:99:143:109:143:113:143:115":28,"s:150:8:157:Infinity":29,"b:154:91:154:120:154:123:154:125":29,"s:159:8:159:Infinity":30,"f:165:17:165:27":4,"b:165:75:165:79":30,"b:166:8:166:Infinity:undefined:undefined:undefined:undefined":31,"s:166:8:166:Infinity":31,"s:166:21:166:Infinity":32,"s:168:43:182:10":33,"s:184:8:184:Infinity":34,"f:190:17:190:42":5,"b:191:8:191:Infinity:undefined:undefined:undefined:undefined":32,"s:191:8:191:Infinity":35,"s:191:30:191:Infinity":36,"s:192:36:194:10":37,"s:195:8:195:Infinity":38},"fnNames":{}}}
[...]
"column":null}},"64":{"start":{"line":83,"column":12},"end":{"line":83,"column":null}},"65":{"start":{"line":84,"column":12},"end":{"line":84,"column":null}},"66":{"start":{"line":85,"column":12},"end":{"line":85,"column":null}},"67":{"start":{"line":88,"column":12},"end":{"line":88,"column":null}},"68":{"start":{"line":89,"column":12},"end":{"line":89,"column":null}},"69":{"start":{"line":90,"column":12},"end":{"line":90,"column":null}},"70":{"start":{"line":91,"column":12},"end":{"line":91,"column":null}},"71":{"start":{"line":94,"column":12},"end":{"line":94,"column":null}},"72":{"start":{"line":95,"column":12},"end":{"line":95,"column":null}},"73":{"start":{"line":96,"column":12},"end":{"line":96,"column":null}},"74":{"start":{"line":97,"column":12},"end":{"line":97,"column":null}},"75":{"start":{"line":100,"column":12},"end":{"line":100,"column":null}},"76":{"start":{"line":103,"column":4},"end":{"line":103,"column":null}}},"fnMap":{"0":{"name":"processGenerationRequest","decl":{"start":{"line":4,"column":22},"end":{"line":4,"column":46}},"loc":{"start":{"line":4,"column":69},"end":{"line":104,"column":null}},"line":4}},"branchMap":{"0":{"loc":{"start":{"line":10,"column":4},"end":{"line":101,"column":null}},"type":"switch","locations":[{"start":{"line":11,"column":8},"end":{"line":20,"column":null}},{"start":{"line":21,"column":8},"end":{"line":28,"column":null}},{"start":{"line":29,"column":8},"end":{"line":35,"column":null}},{"start":{"line":36,"column":8},"end":{"line":43,"column":null}},{"start":{"line":44,"column":8},"end":{"line":49,"column":null}},{"start":{"line":50,"column":8},"end":{"line":57,"column":null}},{"start":{"line":58,"column":8},"end":{"line":63,"column":null}},{"start":{"line":64,"column":8},"end":{"line":71,"column":null}},{"start":{"line":72,"column":8},"end":{"line":80,"column":null}},{"start":{"line":81,"column":8},"end":{"line":86,"column":null}},{"start":{"line":87,"column":8},"end":{"line":92,"column":null}},{"start":{"line":93,"column":8},"end":{"line":98,"column":null}},{"start":{"line":99,"column":8},"end":{"line":100,"column":null}}],"line":10},"1":{"loc":{"start":{"line":14,"column":12},"end":{"line":14,"column":null}},"type":"if","locations":[{"start":{"line":14,"column":12},"end":{"line":14,"column":null}},{"start":{},"end":{}}],"line":14},"2":{"loc":{"start":{"line":15,"column":12},"end":{"line":15,"column":null}},"type":"if","locations":[{"start":{"line":15,"column":12},"end":{"line":15,"column":null}},{"start":{},"end":{}}],"line":15},"3":{"loc":{"start":{"line":16,"column":12},"end":{"line":16,"column":null}},"type":"if","locations":[{"start":{"line":16,"column":12},"end":{"line":16,"column":null}},{"start":{},"end":{}}],"line":16},"4":{"loc":{"start":{"line":17,"column":12},"end":{"line":17,"column":null}},"type":"if","locations":[{"start":{"line":17,"column":12},"end":{"line":17,"column":null}},{"start":{},"end":{}}],"line":17},"5":{"loc":{"start":{"line":24,"column":12},"end":{"line":24,"column":null}},"type":"if","locations":[{"start":{"line":24,"column":12},"end":{"line":24,"column":null}},{"start":{},"end":{}}],"line":24},"6":{"loc":{"start":{"line":25,"column":29},"end":{"line":25,"column":81}},"type":"cond-expr","locations":[{"start":{"line":25,"column":60},"end":{"line":25,"column":68}},{"start":{"line":25,"column":71},"end":{"line":25,"column":81}}],"line":25},"7":{"loc":{"start":{"line":39,"column":12},"end":{"line":39,"column":null}},"type":"if","locations":[{"start":{"line":39,"column":12},"end":{"line":39,"column":null}},{"start":{},"end":{}}],"line":39},"8":{"loc":{"start":{"line":53,"column":12},"end":{"line":53,"column":null}},"type":"if","locations":[{"start":{"line":53,"column":12},"end":{"line":53,"column":null}},{"start":{},"end":{}}],"line":53},"9":{"loc":{"start":{"line":67,"column":12},"end":{"line":67,"column":null}},"type":"if","locations":[{"start":{"line":67,"column":12},"end":{"line":67,"column":null}},{"start":{},"end":{}}],"line":67},"10":{"loc":{"start":{"line":73,"column":28},"end":{"line":73,"column":59}},"type":"binary-expr","locations":[{"start":{"line":73,"column":28},"end":{"line":73,"column":43}},{"start":{"line":73,"column":47},"end":{"line":73,"column":59}}],"line":73},"11":{"loc":{"start":{"line":76,"column":12},"end":{"line":76,"column":null}},"type":"if","locations":[{"start":{"line":76,"column":12},"end":{"line":76,"column":null}},{"start":{},"end":{}}],"line":76}},"s":{"0":1,"1":1,"2":1,"3":1,"4":1,"5":0,"6":1,"7":0,"8":1,"9":0,"10":1,"11":0,"12":1,"13":1,"14":0,"15":0,"16":0,"17":0,"18":0,"19":0,"20":0,"21":0,"22":0,"23":0,"24":0,"25":0,"26":0,"27":0,"28":0,"29":0,"30":0,"31":0,"32":0,"33":0,"34":0,"35":0,"36":0,"37":0,"38":0,"39":0,"40":0,"41":0,"42":0,"43":0,"44":0,"45":0,"46":0,"47":0,"48":0,"49":0,"50":0,"51":0,"52":0,"53":0,"54":0,"55":0,"56":0,"57":0,"58":0,"59":0,"60":0,"61":0,"62":0,"63":0,"64":0,"65":0,"66":0,"67":0,"68":0,"69":0,"70":0,"71":0,"72":0,"73":0,"74":0,"75":0,"76":1},"f":{"0":1},"b":{"0":[1,0,0,0,0,0,0,0,0,0,0,0,0],"1":[0,1],"2":[0,1],"3":[0,1],"4":[0,1],"5":[0,0],"6":[0,0],"7":[0,0],"8":[0,0],"9":[0,0],"10":[0,0],"11":[0,0]},"meta":{"lastBranch":12,"lastFunction":1,"lastStatement":77,"seen":{"f:4:22:4:46":0,"s:8:69:8:73":0,"b:11:8:20:Infinity:21:8:28:Infinity:29:8:35:Infinity:36:8:43:Infinity:44:8:49:Infinity:50:8:57:Infinity:58:8:63:Infinity:64:8:71:Infinity:72:8:80:Infinity:81:8:86:Infinity:87:8:92:Infinity:93:8:98:Infinity:99:8:100:Infinity":0,"s:10:4:101:Infinity":1,"s:12:30:12:56":2,"s:13:12:13:Infinity":3,"b:14:12:14:Infinity:undefined:undefined:undefined:undefined":1,"s:14:12:14:Infinity":4,"s:14:98:14:Infinity":5,"b:15:12:15:Infinity:undefined:undefined:undefined:undefined":2,"s:15:12:15:Infinity":6,"s:15:92:15:Infinity":7,"b:16:12:16:Infinity:undefined:undefined:undefined:undefined":3,"s:16:12:16:Infinity":8,"s:16:88:16:Infinity":9,"b:17:12:17:Infinity:undefined:undefined:undefined:undefined":4,"s:17:12:17:Infinity":10,"s:17:100:17:Infinity":11,"s:18:12:18:Infinity":12,"s:19:12:19:Infinity":13,"s:22:30:22:59":14,"s:23:12:23:Infinity":15,"b:24:12:24:Infinity:undefined:undefined:undefined:undefined":5,"s:24:12:24:Infinity":16,"s:24:38:24:Infinity":17,"s:25:12:25:Infinity":18,"b:25:60:25:68:25:71:25:81":6,"s:26:12:26:Infinity":19,"s:27:12:27:Infinity":20,"s:30:30:30:61":21,"s:31:12:31:Infinity":22,"s:32:12:32:Infinity":23,"s:33:12:33:Infinity":24,"s:34:12:34:Infinity":25,"s:37:30:37:59":26,"s:38:12:38:Infinity":27,"b:39:12:39:Infinity:undefined:undefined:undefined:undefined":7,"s:39:12:39:Infinity":28,"s:39:38:39:Infinity":29,"s:40:12:40:Infinity":30,"s:41:12:41:Infinity":31,"s:42:12:42:Infinity":32,"s:45:12:45:Infinity":33,"s:46:12:46:Infinity":34,"s:47:12:47:Infinity":35,"s:48:12:48:Infinity":36,"s:51:30:51:59":37,"s:52:12:52:Infinity":38,"b:53:12:53:Infinity:undefined:undefined:undefined:undefined":8,"s:53:12:53:Infinity":39,"s:53:37:53:Infinity":40,"s:54:12:54:Infinity":41,"s:55:12:55:Infinity":42,"s:56:12:56:Infinity":43,"s:59:12:59:Infinity":44,"s:60:12:60:Infinity":45,"s:61:12:61:Infinity":46,"s:62:12:62:Infinity":47,"s:65:30:65:63":48,"s:66:12:66:Infinity":49,"b:67:12:67:Infinity:undefined:undefined:undefined:undefined":9,"s:67:12:67:Infinity":50,"s:67:41:67:Infinity":51,"s:68:12:68:Infinity":52,"s:69:12:69:Infinity":53,"s:70:12:70:Infinity":54,"s:73:28:73:59":55,"b:73:28:73:43:73:47:73:59":10,"s:74:30:74:56":56,"s:75:12:75:Infinity":57,"b:76:12:76:Infinity:undefined:undefined:undefined:undefined":11,"s:76:12:76:Infinity":58,"s:76:40:76:Infinity":59,"s:77:12:77:Infinity":60,"s:78:12:78:Infinity":61,"s:79:12:79:Infinity":62,"s:82:12:82:Infinity":63,"s:83:12:83:Infinity":64,"s:84:12:84:Infinity":65,"s:85:12:85:Infinity":66,"s:88:12:88:Infinity":67,"s:89:12:89:Infinity":68,"s:90:12:90:Infinity":69,"s:91:12:91:Infinity":70,"s:94:12:94:Infinity":71,"s:95:12:95:Infinity":72,"s:96:12:96:Infinity":73,"s:97:12:97:Infinity":74,"s:100:12:100:Infinity":75,"s:103:4:103:Infinity":76},"fnNames":{}}}
,"/Users/avaspatel/Documents/kimi/Workspaces/devinedesk/devinedesk/src/lib/services/userService.js": {"path":"/Users/avaspatel/Documents/kimi/Workspaces/devinedesk/devinedesk/src/lib/services/userService.js","statementMap":{"0":{"start":{"line":8,"column":8},"end":{"line":8,"column":null}},"1":{"start":{"line":8,"column":21},"end":{"line":8,"column":null}},"2":{"start":{"line":9,"column":8},"end":{"line":9,"column":null}},"3":{"start":{"line":16,"column":8},"end":{"line":16,"column":null}},"4":{"start":{"line":16,"column":20},"end":{"line":16,"column":null}},"5":{"start":{"line":17,"column":8},"end":{"line":17,"column":null}},"6":{"start":{"line":24,"column":8},"end":{"line":24,"column":null}},"7":{"start":{"line":31,"column":8},"end":{"line":31,"column":null}},"8":{"start":{"line":31,"column":42},"end":{"line":31,"column":null}},"9":{"start":{"line":32,"column":8},"end":{"line":35,"column":null}},"10":{"start":{"line":42,"column":8},"end":{"line":42,"column":null}},"11":{"start":{"line":42,"column":21},"end":{"line":42,"column":null}},"12":{"start":{"line":43,"column":21},"end":{"line":58,"column":10}},"13":{"start":{"line":59,"column":8},"end":{"line":59,"column":null}},"14":{"start":{"line":59,"column":19},"end":{"line":59,"column":null}},"15":{"start":{"line":61,"column":8},"end":{"line":64,"column":null}},"16":{"start":{"line":71,"column":8},"end":{"line":71,"column":null}},"17":{"start":{"line":71,"column":21},"end":{"line":71,"column":null}},"18":{"start":{"line":73,"column":8},"end":{"line":92,"column":null}},"19":{"start":{"line":74,"column":33},"end":{"line":74,"column":35}},"20":{"start":{"line":75,"column":12},"end":{"line":75,"column":null}},"21":{"start":{"line":75,"column":36},"end":{"line":75,"column":null}},"22":{"start":{"line":76,"column":12},"end":{"line":76,"column":null}},"23":{"start":{"line":76,"column":37},"end":{"line":76,"column":null}},"24":{"start":{"line":78,"column":25},"end":{"line":81,"column":14}},"25":{"start":{"line":83,"column":12},"end":{"line":89,"column":null}},"26":{"start":{"line":84,"column":16},"end":{"line":88,"column":null}},"27":{"start":{"line":91,"column":12},"end":{"line":91,"column":null}},"28":{"start":{"line":99,"column":21},"end":{"line":99,"column":51}},"29":{"start":{"line":100,"column":8},"end":{"line":100,"column":null}},"30":{"start":{"line":107,"column":8},"end":{"line":107,"column":null}},"31":{"start":{"line":107,"column":21},"end":{"line":107,"column":null}},"32":{"start":{"line":108,"column":8},"end":{"line":112,"column":null}},"33":{"start":{"line":119,"column":8},"end":{"line":119,"column":null}},"34":{"start":{"line":119,"column":21},"end":{"line":119,"column":null}},"35":{"start":{"line":120,"column":22},"end":{"line":120,"column":32}},"36":{"start":{"line":121,"column":8},"end":{"line":121,"column":null}},"37":{"start":{"line":121,"column":16},"end":{"line":121,"column":null}},"38":{"start":{"line":122,"column":8},"end":{"line":122,"column":null}},"39":{"start":{"line":129,"column":8},"end":{"line":129,"column":null}},"40":{"start":{"line":129,"column":21},"end":{"line":129,"column":null}},"41":{"start":{"line":130,"column":8},"end":{"line":134,"column":null}}},"fnMap":{"0":{"name":"getUserById","decl":{"start":{"line":7,"column":17},"end":{"line":7,"column":28}},"loc":{"start":{"line":7,"column":37},"end":{"line":10,"column":null}},"line":7},"1":{"name":"getUserByEmail","decl":{"start":{"line":15,"column":17},"end":{"line":15,"column":31}},"loc":{"start":{"line":15,"column":39},"end":{"line":18,"column":null}},"line":15},"2":{"name":"createUser","decl":{"start":{"line":23,"column":17},"end":{"line":23,"column":27}},"loc":{"start":{"line":23,"column":34},"end":{"line":25,"column":null}},"line":23},"3":{"name":"setStripeCustomerId","decl":{"start":{"line":30,"column":17},"end":{"line":30,"column":36}},"loc":{"start":{"line":30,"column":63},"end":{"line":36,"column":null}},"line":30},"4":{"name":"getUserProfile","decl":{"start":{"line":41,"column":17},"end":{"line":41,"column":31}},"loc":{"start":{"line":41,"column":40},"end":{"line":65,"column":null}},"line":41},"5":{"name":"updateProfile","decl":{"start":{"line":70,"column":17},"end":{"line":70,"column":30}},"loc":{"start":{"line":70,"column":61},"end":{"line":93,"column":null}},"line":70},"6":{"name":"(anonymous_6)","decl":{"start":{"line":73,"column":35},"end":{"line":73,"column":40}},"loc":{"start":{"line":73,"column":49},"end":{"line":92,"column":9}},"line":73},"7":{"name":"getCredits","decl":{"start":{"line":98,"column":17},"end":{"line":98,"column":27}},"loc":{"start":{"line":98,"column":36},"end":{"line":101,"column":null}},"line":98},"8":{"name":"getHistory","decl":{"start":{"line":106,"column":17},"end":{"line":106,"column":27}},"loc":{"start":{"line":106,"column":48},"end":{"line":113,"column":null}},"line":106},"9":{"name":"deleteHistory","decl":{"start":{"line":118,"column":17},"end":{"line":118,"column":30}},"loc":{"start":{"line":118,"column":50},"end":{"line":123,"column":null}},"line":118},"10":{"name":"getTransactions","decl":{"start":{"line":128,"column":17},"end":{"line":128,"column":32}},"loc":{"start":{"line":128,"column":53},"end":{"line":135,"column":null}},"line":128}},"branchMap":{"0":{"loc":{"start":{"line":8,"column":8},"end":{"line":8,"column":null}},"type":"if","locations":[{"start":{"line":8,"column":8},"end":{"line":8,"column":null}},{"start":{},"end":{}}],"line":8},"1":{"loc":{"start":{"line":16,"column":8},"end":{"line":16,"column":null}},"type":"if","locations":[{"start":{"line":16,"column":8},"end":{"line":16,"column":null}},{"start":{},"end":{}}],"line":16},"2":{"loc":{"start":{"line":31,"column":8},"end":{"line":31,"column":null}},"type":"if","locations":[{"start":{"line":31,"column":8},"end":{"line":31,"column":null}},{"start":{},"end":{}}],"line":31},"3":{"loc":{"start":{"line":31,"column":12},"end":{"line":31,"column":40}},"type":"binary-expr","locations":[{"start":{"line":31,"column":12},"end":{"line":31,"column":19}},{"start":{"line":31,"column":23},"end":{"line":31,"column":40}}],"line":31},"4":{"loc":{"start":{"line":42,"column":8},"end":{"line":42,"column":null}},"type":"if","locations":[{"start":{"line":42,"column":8},"end":{"line":42,"column":null}},{"start":{},"end":{}}],"line":42},"5":{"loc":{"start":{"line":59,"column":8},"end":{"line":59,"column":null}},"type":"if","locations":[{"start":{"line":59,"column":8},"end":{"line":59,"column":null}},{"start":{},"end":{}}],"line":59},"6":{"loc":{"start":{"line":63,"column":17},"end":{"line":63,"column":null}},"type":"binary-expr","locations":[{"start":{"line":63,"column":17},"end":{"line":63,"column":42}},{"start":{"line":63,"column":46},"end":{"line":63,"column":null}}],"line":63},"7":{"loc":{"start":{"line":71,"column":8},"end":{"line":71,"column":null}},"type":"if","locations":[{"start":{"line":71,"column":8},"end":{"line":71,"column":null}},{"start":{},"end":{}}],"line":71},"8":{"loc":{"start":{"line":75,"column":12},"end":{"line":75,"column":null}},"type":"if","locations":[{"start":{"line":75,"column":12},"end":{"line":75,"column":null}},{"start":{},"end":{}}],"line":75},"9":{"loc":{"start":{"line":76,"column":12},"end":{"line":76,"column":null}},"type":"if","locations":[{"start":{"line":76,"column":12},"end":{"line":76,"column":null}},{"start":{},"end":{}}],"line":76},"10":{"loc":{"start":{"line":83,"column":12},"end":{"line":89,"column":null}},"type":"if","locations":[{"start":{"line":83,"column":12},"end":{"line":89,"column":null}},{"start":{},"end":{}}],"line":83},"11":{"loc":{"start":{"line":100,"column":15},"end":{"line":100,"column":38}},"type":"cond-expr","locations":[{"start":{"line":100,"column":22},"end":{"line":100,"column":34}},{"start":{"line":100,"column":37},"end":{"line":100,"column":38}}],"line":100},"12":{"loc":{"start":{"line":106,"column":36},"end":{"line":106,"column":46}},"type":"default-arg","locations":[{"start":{"line":106,"column":44},"end":{"line":106,"column":46}}],"line":106},"13":{"loc":{"start":{"line":107,"column":8},"end":{"line":107,"column":null}},"type":"if","locations":[{"start":{"line":107,"column":8},"end":{"line":107,"column":null}},{"start":{},"end":{}}],"line":107},"14":{"loc":{"start":{"line":118,"column":39},"end":{"line":118,"column":48}},"type":"default-arg","locations":[{"start":{"line":118,"column":44},"end":{"line":118,"column":48}}],"line":118},"15":{"loc":{"start":{"line":119,"column":8},"end":{"line":119,"column":null}},"type":"if","locations":[{"start":{"line":119,"column":8},"end":{"line":119,"column":null}},{"start":{},"end":{}}],"line":119},"16":{"loc":{"start":{"line":121,"column":8},"end":{"line":121,"column":null}},"type":"if","locations":[{"start":{"line":121,"column":8},"end":{"line":121,"column":null}},{"start":{},"end":{}}],"line":121},"17":{"loc":{"start":{"line":128,"column":41},"end":{"line":128,"column":51}},"type":"default-arg","locations":[{"start":{"line":128,"column":49},"end":{"line":128,"column":51}}],"line":128},"18":{"loc":{"start":{"line":129,"column":8},"end":{"line":129,"column":null}},"type":"if","locations":[{"start":{"line":129,"column":8},"end":{"line":129,"column":null}},{"start":{},"end":{}}],"line":129}},"s":{"0":1,"1":0,"2":1,"3":1,"4":0,"5":1,"6":0,"7":0,"8":0,"9":0,"10":0,"11":0,"12":0,"13":0,"14":0,"15":0,"16":0,"17":0,"18":0,"19":0,"20":0,"21":0,"22":0,"23":0,"24":0,"25":0,"26":0,"27":0,"28":1,"29":1,"30":0,"31":0,"32":0,"33":0,"34":0,"35":0,"36":0,"37":0,"38":0,"39":0,"40":0,"41":0},"f":{"0":1,"1":1,"2":1,"3":1,"4":1,"5":1,"6":0,"7":1,"8":1,"9":1,"10":1},"b":{"0":[0,1],"1":[0,1],"2":[0,0],"3":[0,0],"4":[0,0],"5":[0,0],"6":[0,0],"7":[0,0],"8":[0,0],"9":[0,0],"10":[0,0],"11":[1,0],"12":[0],"13":[0,0],"14":[0],"15":[0,0],"16":[0,0],"17":[0],"18":[0,0]},"meta":{"lastBranch":19,"lastFunction":11,"lastStatement":42,"seen":{"f:7:17:7:28":0,"b:8:8:8:Infinity:undefined:undefined:undefined:undefined":0,"s:8:8:8:Infinity":0,"s:8:21:8:Infinity":1,"s:9:8:9:Infinity":2,"f:15:17:15:31":1,"b:16:8:16:Infinity:undefined:undefined:undefined:undefined":1,"s:16:8:16:Infinity":3,"s:16:20:16:Infinity":4,"s:17:8:17:Infinity":5,"f:23:17:23:27":2,"s:24:8:24:Infinity":6,"f:30:17:30:36":3,"b:31:8:31:Infinity:undefined:undefined:undefined:undefined":2,"s:31:8:31:Infinity":7,"b:31:12:31:19:31:23:31:40":3,"s:31:42:31:Infinity":8,"s:32:8:35:Infinity":9,"f:41:17:41:31":4,"b:42:8:42:Infinity:undefined:undefined:undefined:undefined":4,"s:42:8:42:Infinity":10,"s:42:21:42:Infinity":11,"s:43:21:58:10":12,"b:59:8:59:Infinity:undefined:undefined:undefined:undefined":5,"s:59:8:59:Infinity":13,"s:59:19:59:Infinity":14,"s:61:8:64:Infinity":15,"b:63:17:63:42:63:46:63:Infinity":6,"f:70:17:70:30":5,"b:71:8:71:Infinity:undefined:undefined:undefined:undefined":7,"s:71:8:71:Infinity":16,"s:71:21:71:Infinity":17,"s:73:8:92:Infinity":18,"f:73:35:73:40":6,"s:74:33:74:35":19,"b:75:12:75:Infinity:undefined:undefined:undefined:undefined":8,"s:75:12:75:Infinity":20,"s:75:36:75:Infinity":21,"b:76:12:76:Infinity:undefined:undefined:undefined:undefined":9,"s:76:12:76:Infinity":22,"s:76:37:76:Infinity":23,"s:78:25:81:14":24,"b:83:12:89:Infinity:undefined:undefined:undefined:undefined":10,"s:83:12:89:Infinity":25,"s:84:16:88:Infinity":26,"s:91:12:91:Infinity":27,"f:98:17:98:27":7,"s:99:21:99:51":28,"s:100:8:100:Infinity":29,"b:100:22:100:34:100:37:100:38":11,"f:106:17:106:27":8,"b:106:44:106:46":12,"b:107:8:107:Infinity:undefined:undefined:undefined:undefined":13,"s:107:8:107:Infinity":30,"s:107:21:107:Infinity":31,"s:108:8:112:Infinity":32,"f:118:17:118:30":9,"b:118:44:118:48":14,"b:119:8:119:Infinity:undefined:undefined:undefined:undefined":15,"s:119:8:119:Infinity":33,"s:119:21:119:Infinity":34,"s:120:22:120:32":35,"b:121:8:121:Infinity:undefined:undefined:undefined:undefined":16,"s:121:8:121:Infinity":36,"s:121:16:121:Infinity":37,"s:122:8:122:Infinity":38,"f:128:17:128:32":10,"b:128:49:128:51":17,"b:129:8:129:Infinity:undefined:undefined:undefined:undefined":18,"s:129:8:129:Infinity":39,"s:129:21:129:Infinity":40,"s:130:8:134:Infinity":41},"fnNames":{}}}
}
